INFO:    squashfuse not found, will not be able to mount SIF or other squashfs files
INFO:    gocryptfs not found, will not be able to use gocryptfs
INFO:    Converting SIF file to temporary sandbox...
2026-05-11 22:16:15,385 [INFO] Loading experiments from: config/paper/vgg9/ottt_otttnet_dvsgesture.yaml
2026-05-11 22:16:15,429 [INFO] Built 1 experiment specs from custom config.
2026-05-11 22:16:15,429 [INFO] Found 1 experiment(s) to run.
2026-05-11 22:16:15,446 [INFO] Campaign output: experiments/paper_vgg9_ottt_otttnet_dvsgesture
2026-05-11 22:16:15,463 [INFO] Terminal stdout log: experiments/paper_vgg9_ottt_otttnet_dvsgesture/terminal_stdout.log
2026-05-11 22:16:15,463 [INFO] Terminal stderr log: experiments/paper_vgg9_ottt_otttnet_dvsgesture/terminal_stderr.log
2026-05-11 22:16:15,463 [INFO] Combined terminal log: experiments/paper_vgg9_ottt_otttnet_dvsgesture/terminal.log
2026-05-11 22:16:15,469 [INFO] [1/1] Running: ottt_otttnet_dvsgesture  (trainer=ottt, model=vgg9, dataset=dvsgesture)
2026-05-11 22:16:17,324 [INFO] Starting experiment: ottt_otttnet_dvsgesture
2026-05-11 22:16:17,530 [INFO] Using device: cuda
2026-05-11 22:16:17,530 [INFO] Loading dataset: dvsgesture (T=20, batch=32)
2026-05-11 22:16:17,738 [INFO] Building network: vgg9
2026-05-11 22:16:17,942 [INFO] Building trainer: ottt
2026-05-11 22:16:17,942 [INFO] Training for 100 epochs...
2026-05-11 22:18:04,591 [INFO] Epoch 1/100 — loss: 2.3995  train_acc: 0.0928  test_acc: 0.0909
2026-05-11 22:19:50,756 [INFO] Epoch 2/100 — loss: 2.3997  train_acc: 0.0824  test_acc: 0.0909
2026-05-11 22:21:37,001 [INFO] Epoch 3/100 — loss: 2.3972  train_acc: 0.0994  test_acc: 0.0909
2026-05-11 22:23:23,578 [INFO] Epoch 4/100 — loss: 2.3988  train_acc: 0.0947  test_acc: 0.0909
2026-05-11 22:25:09,909 [INFO] Epoch 5/100 — loss: 2.4010  train_acc: 0.0758  test_acc: 0.0909
2026-05-11 22:26:56,541 [INFO] Epoch 6/100 — loss: 2.3990  train_acc: 0.0938  test_acc: 0.0909
2026-05-11 22:28:44,168 [INFO] Epoch 7/100 — loss: 2.3995  train_acc: 0.0975  test_acc: 0.0909
2026-05-11 22:30:30,329 [INFO] Epoch 8/100 — loss: 2.3981  train_acc: 0.0985  test_acc: 0.0909
2026-05-11 22:32:16,666 [INFO] Epoch 9/100 — loss: 2.3993  train_acc: 0.0938  test_acc: 0.0909
2026-05-11 22:34:03,211 [INFO] Epoch 10/100 — loss: 2.4006  train_acc: 0.0928  test_acc: 0.0909
2026-05-11 22:35:51,929 [INFO] Epoch 11/100 — loss: 2.3971  train_acc: 0.1004  test_acc: 0.0909
2026-05-11 22:37:38,688 [INFO] Epoch 12/100 — loss: 2.4022  train_acc: 0.0777  test_acc: 0.0909
2026-05-11 22:39:24,928 [INFO] Epoch 13/100 — loss: 2.3999  train_acc: 0.0909  test_acc: 0.0909
2026-05-11 22:41:11,311 [INFO] Epoch 14/100 — loss: 2.3998  train_acc: 0.0938  test_acc: 0.0909
2026-05-11 22:42:57,638 [INFO] Epoch 15/100 — loss: 2.3998  train_acc: 0.0928  test_acc: 0.0909
2026-05-11 22:44:44,525 [INFO] Epoch 16/100 — loss: 2.3980  train_acc: 0.0985  test_acc: 0.0909
2026-05-11 22:46:32,358 [INFO] Epoch 17/100 — loss: 2.4015  train_acc: 0.0947  test_acc: 0.0909
2026-05-11 22:48:18,988 [INFO] Epoch 18/100 — loss: 2.4002  train_acc: 0.0909  test_acc: 0.0909
2026-05-11 22:50:05,307 [INFO] Epoch 19/100 — loss: 2.3996  train_acc: 0.0938  test_acc: 0.0909
2026-05-11 22:51:53,794 [INFO] Epoch 20/100 — loss: 2.4002  train_acc: 0.0919  test_acc: 0.0909
2026-05-11 22:53:40,876 [INFO] Epoch 21/100 — loss: 2.4004  train_acc: 0.0956  test_acc: 0.0909
2026-05-11 22:55:27,327 [INFO] Epoch 22/100 — loss: 2.4002  train_acc: 0.0833  test_acc: 0.0909
2026-05-11 22:57:13,685 [INFO] Epoch 23/100 — loss: 2.3995  train_acc: 0.0890  test_acc: 0.0909
2026-05-11 22:59:00,949 [INFO] Epoch 24/100 — loss: 2.3999  train_acc: 0.0909  test_acc: 0.0909
2026-05-11 23:00:47,026 [INFO] Epoch 25/100 — loss: 2.3987  train_acc: 0.0985  test_acc: 0.0909
2026-05-11 23:02:33,337 [INFO] Epoch 26/100 — loss: 2.3985  train_acc: 0.0919  test_acc: 0.0909
2026-05-11 23:04:19,963 [INFO] Epoch 27/100 — loss: 2.3997  train_acc: 0.0814  test_acc: 0.0909
2026-05-11 23:06:06,228 [INFO] Epoch 28/100 — loss: 2.3991  train_acc: 0.0975  test_acc: 0.0909
2026-05-11 23:07:52,569 [INFO] Epoch 29/100 — loss: 2.4008  train_acc: 0.0862  test_acc: 0.0909
2026-05-11 23:09:39,234 [INFO] Epoch 30/100 — loss: 2.3998  train_acc: 0.0909  test_acc: 0.0909
2026-05-11 23:11:26,623 [INFO] Epoch 31/100 — loss: 2.3997  train_acc: 0.0786  test_acc: 0.0909
2026-05-11 23:13:13,090 [INFO] Epoch 32/100 — loss: 2.3984  train_acc: 0.0994  test_acc: 0.0909
2026-05-11 23:14:59,296 [INFO] Epoch 33/100 — loss: 2.4006  train_acc: 0.0852  test_acc: 0.0909
2026-05-11 23:16:45,564 [INFO] Epoch 34/100 — loss: 2.3982  train_acc: 0.0890  test_acc: 0.0909
2026-05-11 23:18:32,185 [INFO] Epoch 35/100 — loss: 2.4002  train_acc: 0.0852  test_acc: 0.0909
2026-05-11 23:20:18,566 [INFO] Epoch 36/100 — loss: 2.3990  train_acc: 0.0966  test_acc: 0.0909
2026-05-11 23:22:05,235 [INFO] Epoch 37/100 — loss: 2.3993  train_acc: 0.0928  test_acc: 0.0909
2026-05-11 23:23:52,030 [INFO] Epoch 38/100 — loss: 2.4006  train_acc: 0.0881  test_acc: 0.0909
2026-05-11 23:25:40,539 [INFO] Epoch 39/100 — loss: 2.3997  train_acc: 0.0862  test_acc: 0.0909
2026-05-11 23:27:26,772 [INFO] Epoch 40/100 — loss: 2.3983  train_acc: 0.1013  test_acc: 0.0909
2026-05-11 23:29:13,716 [INFO] Epoch 41/100 — loss: 2.3987  train_acc: 0.0909  test_acc: 0.0909
2026-05-11 23:30:59,961 [INFO] Epoch 42/100 — loss: 2.4000  train_acc: 0.0852  test_acc: 0.0909
2026-05-11 23:32:46,778 [INFO] Epoch 43/100 — loss: 2.3996  train_acc: 0.0909  test_acc: 0.0909
2026-05-11 23:34:33,113 [INFO] Epoch 44/100 — loss: 2.4003  train_acc: 0.0938  test_acc: 0.0909
2026-05-11 23:36:19,263 [INFO] Epoch 45/100 — loss: 2.3991  train_acc: 0.0956  test_acc: 0.0909
2026-05-11 23:38:05,720 [INFO] Epoch 46/100 — loss: 2.3988  train_acc: 0.0881  test_acc: 0.0909
2026-05-11 23:39:51,909 [INFO] Epoch 47/100 — loss: 2.3993  train_acc: 0.0938  test_acc: 0.0909
2026-05-11 23:41:38,345 [INFO] Epoch 48/100 — loss: 2.3981  train_acc: 0.0928  test_acc: 0.0909
2026-05-11 23:43:24,669 [INFO] Epoch 49/100 — loss: 2.3982  train_acc: 0.0975  test_acc: 0.0909
2026-05-11 23:45:11,803 [INFO] Epoch 50/100 — loss: 2.4000  train_acc: 0.0956  test_acc: 0.0909
2026-05-11 23:46:59,099 [INFO] Epoch 51/100 — loss: 2.4000  train_acc: 0.0947  test_acc: 0.0909
2026-05-11 23:48:48,538 [INFO] Epoch 52/100 — loss: 2.3986  train_acc: 0.0900  test_acc: 0.0909
2026-05-11 23:50:35,274 [INFO] Epoch 53/100 — loss: 2.3993  train_acc: 0.0871  test_acc: 0.0909
2026-05-11 23:52:21,980 [INFO] Epoch 54/100 — loss: 2.3997  train_acc: 0.0919  test_acc: 0.0909
2026-05-11 23:54:08,727 [INFO] Epoch 55/100 — loss: 2.3999  train_acc: 0.0947  test_acc: 0.0909
2026-05-11 23:55:55,007 [INFO] Epoch 56/100 — loss: 2.4001  train_acc: 0.0843  test_acc: 0.0909
2026-05-11 23:57:41,355 [INFO] Epoch 57/100 — loss: 2.3987  train_acc: 0.1004  test_acc: 0.0909
2026-05-11 23:59:28,252 [INFO] Epoch 58/100 — loss: 2.3998  train_acc: 0.0824  test_acc: 0.0909
2026-05-12 00:01:15,603 [INFO] Epoch 59/100 — loss: 2.3970  train_acc: 0.0985  test_acc: 0.0909
2026-05-12 00:03:02,152 [INFO] Epoch 60/100 — loss: 2.4008  train_acc: 0.0900  test_acc: 0.0909
2026-05-12 00:04:48,546 [INFO] Epoch 61/100 — loss: 2.3994  train_acc: 0.0919  test_acc: 0.0909
2026-05-12 00:06:35,333 [INFO] Epoch 62/100 — loss: 2.3978  train_acc: 0.0900  test_acc: 0.0909
2026-05-12 00:08:24,944 [INFO] Epoch 63/100 — loss: 2.3987  train_acc: 0.0919  test_acc: 0.0909
2026-05-12 00:10:11,715 [INFO] Epoch 64/100 — loss: 2.4005  train_acc: 0.0900  test_acc: 0.0909
2026-05-12 00:11:57,991 [INFO] Epoch 65/100 — loss: 2.3998  train_acc: 0.0795  test_acc: 0.0909
2026-05-12 00:13:44,910 [INFO] Epoch 66/100 — loss: 2.3993  train_acc: 0.0900  test_acc: 0.0909
2026-05-12 00:15:31,249 [INFO] Epoch 67/100 — loss: 2.4012  train_acc: 0.0795  test_acc: 0.0909
2026-05-12 00:17:18,152 [INFO] Epoch 68/100 — loss: 2.3966  train_acc: 0.1004  test_acc: 0.0909
2026-05-12 00:19:04,289 [INFO] Epoch 69/100 — loss: 2.3990  train_acc: 0.0938  test_acc: 0.0909
2026-05-12 00:20:51,545 [INFO] Epoch 70/100 — loss: 2.3994  train_acc: 0.0938  test_acc: 0.0909
2026-05-12 00:22:39,175 [INFO] Epoch 71/100 — loss: 2.4004  train_acc: 0.0786  test_acc: 0.0909
2026-05-12 00:24:25,266 [INFO] Epoch 72/100 — loss: 2.4000  train_acc: 0.0824  test_acc: 0.0909
2026-05-12 00:26:12,423 [INFO] Epoch 73/100 — loss: 2.3984  train_acc: 0.0928  test_acc: 0.0909
2026-05-12 00:27:58,985 [INFO] Epoch 74/100 — loss: 2.3990  train_acc: 0.0966  test_acc: 0.0909
2026-05-12 00:29:46,102 [INFO] Epoch 75/100 — loss: 2.3985  train_acc: 0.0852  test_acc: 0.0909
2026-05-12 00:31:32,404 [INFO] Epoch 76/100 — loss: 2.4009  train_acc: 0.0900  test_acc: 0.0909
2026-05-12 00:33:19,513 [INFO] Epoch 77/100 — loss: 2.4007  train_acc: 0.0947  test_acc: 0.0909
2026-05-12 00:35:07,249 [INFO] Epoch 78/100 — loss: 2.4001  train_acc: 0.0890  test_acc: 0.0909
2026-05-12 00:36:53,583 [INFO] Epoch 79/100 — loss: 2.3979  train_acc: 0.0947  test_acc: 0.0909
2026-05-12 00:38:40,043 [INFO] Epoch 80/100 — loss: 2.3987  train_acc: 0.0833  test_acc: 0.0909
2026-05-12 00:40:26,474 [INFO] Epoch 81/100 — loss: 2.3992  train_acc: 0.0852  test_acc: 0.0909
2026-05-12 00:42:15,163 [INFO] Epoch 82/100 — loss: 2.4009  train_acc: 0.0767  test_acc: 0.0909
2026-05-12 00:44:01,485 [INFO] Epoch 83/100 — loss: 2.3987  train_acc: 0.0900  test_acc: 0.0909
2026-05-12 00:45:48,150 [INFO] Epoch 84/100 — loss: 2.4016  train_acc: 0.0862  test_acc: 0.0909
2026-05-12 00:47:34,639 [INFO] Epoch 85/100 — loss: 2.3997  train_acc: 0.0881  test_acc: 0.0909
2026-05-12 00:49:22,205 [INFO] Epoch 86/100 — loss: 2.4003  train_acc: 0.0909  test_acc: 0.0909
2026-05-12 00:51:08,807 [INFO] Epoch 87/100 — loss: 2.4006  train_acc: 0.0871  test_acc: 0.0909
2026-05-12 00:52:55,573 [INFO] Epoch 88/100 — loss: 2.3974  train_acc: 0.0881  test_acc: 0.0909
2026-05-12 00:54:43,002 [INFO] Epoch 89/100 — loss: 2.3985  train_acc: 0.0909  test_acc: 0.0909
2026-05-12 00:56:29,278 [INFO] Epoch 90/100 — loss: 2.4000  train_acc: 0.0833  test_acc: 0.0909
2026-05-12 00:58:15,602 [INFO] Epoch 91/100 — loss: 2.3988  train_acc: 0.0919  test_acc: 0.0909
2026-05-12 01:00:01,854 [INFO] Epoch 92/100 — loss: 2.3983  train_acc: 0.0975  test_acc: 0.0909
2026-05-12 01:01:48,544 [INFO] Epoch 93/100 — loss: 2.3981  train_acc: 0.0985  test_acc: 0.0909
2026-05-12 01:03:34,874 [INFO] Epoch 94/100 — loss: 2.4023  train_acc: 0.0805  test_acc: 0.0909
2026-05-12 01:05:21,820 [INFO] Epoch 95/100 — loss: 2.3997  train_acc: 0.0985  test_acc: 0.0909
2026-05-12 01:07:10,890 [INFO] Epoch 96/100 — loss: 2.3989  train_acc: 0.0938  test_acc: 0.0909
2026-05-12 01:08:57,099 [INFO] Epoch 97/100 — loss: 2.4004  train_acc: 0.0833  test_acc: 0.0909
2026-05-12 01:10:43,960 [INFO] Epoch 98/100 — loss: 2.4005  train_acc: 0.0881  test_acc: 0.0909
2026-05-12 01:12:30,498 [INFO] Epoch 99/100 — loss: 2.3968  train_acc: 0.0966  test_acc: 0.0909
2026-05-12 01:14:16,569 [INFO] Epoch 100/100 — loss: 2.4001  train_acc: 0.0947  test_acc: 0.0909
2026-05-12 01:14:16,578 [INFO] Training done in 10678.6 s. Final test accuracy: 0.0909
2026-05-12 01:14:16,578 [INFO] Running NeuroBench evaluation...
  0%|          | 0/9 [00:00<?, ?it/s]  0%|          | 0/9 [00:02<?, ?it/s]
2026-05-12 01:14:18,882 [WARNING] NeuroBench evaluation failed: CUDA out of memory. Tried to allocate 256.00 MiB. GPU 0 has a total capacity of 44.43 GiB of which 112.00 MiB is free. Including non-PyTorch memory, this process has 44.31 GiB memory in use. Of the allocated memory 43.91 GiB is allocated by PyTorch, and 89.63 MiB is reserved by PyTorch but unallocated. If reserved but unallocated memory is large try setting PYTORCH_ALLOC_CONF=expandable_segments:True to avoid fragmentation.  See documentation for Memory Management  (https://pytorch.org/docs/stable/notes/cuda.html#environment-variables)
2026-05-12 01:14:20,109 [INFO] Results written to: experiments/paper_vgg9_ottt_otttnet_dvsgesture/experiments/ottt_otttnet_dvsgesture
2026-05-12 01:14:20,121 [INFO] Summary updated (1/1): experiments/paper_vgg9_ottt_otttnet_dvsgesture/summary.csv
2026-05-12 01:14:20,129 [INFO] Summary written to: experiments/paper_vgg9_ottt_otttnet_dvsgesture/summary.csv
INFO:    Cleaning up image...
