INFO:    squashfuse not found, will not be able to mount SIF or other squashfs files
INFO:    gocryptfs not found, will not be able to use gocryptfs
INFO:    Converting SIF file to temporary sandbox...
2026-05-11 16:23:14,252 [INFO] Loading experiments from: config/paper/vgg9/ottt_tpnet_dvsgesture.yaml
2026-05-11 16:23:14,286 [INFO] Built 1 experiment specs from custom config.
2026-05-11 16:23:14,286 [INFO] Found 1 experiment(s) to run.
2026-05-11 16:23:14,293 [INFO] Campaign output: experiments/paper_vgg9_ottt_tpnet_dvsgesture
2026-05-11 16:23:14,300 [INFO] Terminal stdout log: experiments/paper_vgg9_ottt_tpnet_dvsgesture/terminal_stdout.log
2026-05-11 16:23:14,300 [INFO] Terminal stderr log: experiments/paper_vgg9_ottt_tpnet_dvsgesture/terminal_stderr.log
2026-05-11 16:23:14,300 [INFO] Combined terminal log: experiments/paper_vgg9_ottt_tpnet_dvsgesture/terminal.log
2026-05-11 16:23:14,303 [INFO] [1/1] Running: ottt_tpnet_dvsgesture  (trainer=ottt, model=vgg9, dataset=dvsgesture)
2026-05-11 16:23:15,997 [INFO] Starting experiment: ottt_tpnet_dvsgesture
2026-05-11 16:23:16,206 [INFO] Using device: cuda
2026-05-11 16:23:16,206 [INFO] Loading dataset: dvsgesture (T=20, batch=32)
2026-05-11 16:23:16,468 [INFO] Building network: vgg9
2026-05-11 16:23:16,656 [INFO] Building trainer: ottt
2026-05-11 16:23:16,657 [INFO] Training for 100 epochs...
2026-05-11 16:24:50,147 [INFO] Epoch 1/100 — loss: 2.3956  train_acc: 0.0900  test_acc: 0.0909
2026-05-11 16:26:23,673 [INFO] Epoch 2/100 — loss: 2.3956  train_acc: 0.0871  test_acc: 0.0909
2026-05-11 16:27:56,953 [INFO] Epoch 3/100 — loss: 2.3956  train_acc: 0.0909  test_acc: 0.0909
2026-05-11 16:29:29,886 [INFO] Epoch 4/100 — loss: 2.3956  train_acc: 0.0909  test_acc: 0.0909
2026-05-11 16:31:02,631 [INFO] Epoch 5/100 — loss: 2.3956  train_acc: 0.0900  test_acc: 0.0909
2026-05-11 16:32:36,294 [INFO] Epoch 6/100 — loss: 2.3956  train_acc: 0.0919  test_acc: 0.0909
2026-05-11 16:34:09,563 [INFO] Epoch 7/100 — loss: 2.3956  train_acc: 0.0890  test_acc: 0.0909
2026-05-11 16:35:42,852 [INFO] Epoch 8/100 — loss: 2.3956  train_acc: 0.0890  test_acc: 0.0909
2026-05-11 16:37:15,881 [INFO] Epoch 9/100 — loss: 2.3956  train_acc: 0.0881  test_acc: 0.0909
2026-05-11 16:38:48,773 [INFO] Epoch 10/100 — loss: 2.3956  train_acc: 0.0871  test_acc: 0.0909
2026-05-11 16:40:21,476 [INFO] Epoch 11/100 — loss: 2.3956  train_acc: 0.0909  test_acc: 0.0909
2026-05-11 16:41:54,884 [INFO] Epoch 12/100 — loss: 2.3956  train_acc: 0.0881  test_acc: 0.0909
2026-05-11 16:43:28,241 [INFO] Epoch 13/100 — loss: 2.3956  train_acc: 0.0919  test_acc: 0.0909
2026-05-11 16:45:01,682 [INFO] Epoch 14/100 — loss: 2.3956  train_acc: 0.0909  test_acc: 0.0909
2026-05-11 16:46:34,946 [INFO] Epoch 15/100 — loss: 2.3956  train_acc: 0.0900  test_acc: 0.0909
2026-05-11 16:48:08,125 [INFO] Epoch 16/100 — loss: 2.3956  train_acc: 0.0919  test_acc: 0.0909
2026-05-11 16:49:41,630 [INFO] Epoch 17/100 — loss: 2.3956  train_acc: 0.0890  test_acc: 0.0909
2026-05-11 16:51:15,053 [INFO] Epoch 18/100 — loss: 2.3956  train_acc: 0.0900  test_acc: 0.0909
2026-05-11 16:52:50,359 [INFO] Epoch 19/100 — loss: 2.3956  train_acc: 0.0909  test_acc: 0.0909
2026-05-11 16:54:23,626 [INFO] Epoch 20/100 — loss: 2.3956  train_acc: 0.0919  test_acc: 0.0909
2026-05-11 16:55:56,650 [INFO] Epoch 21/100 — loss: 2.3956  train_acc: 0.0919  test_acc: 0.0909
2026-05-11 16:57:29,854 [INFO] Epoch 22/100 — loss: 2.3956  train_acc: 0.0890  test_acc: 0.0909
2026-05-11 16:59:03,217 [INFO] Epoch 23/100 — loss: 2.3956  train_acc: 0.0900  test_acc: 0.0909
2026-05-11 17:00:36,004 [INFO] Epoch 24/100 — loss: 2.3956  train_acc: 0.0881  test_acc: 0.0909
2026-05-11 17:02:08,853 [INFO] Epoch 25/100 — loss: 2.3956  train_acc: 0.0881  test_acc: 0.0909
2026-05-11 17:03:41,452 [INFO] Epoch 26/100 — loss: 2.3956  train_acc: 0.0909  test_acc: 0.0909
2026-05-11 17:05:14,244 [INFO] Epoch 27/100 — loss: 2.3956  train_acc: 0.0890  test_acc: 0.0909
2026-05-11 17:06:47,201 [INFO] Epoch 28/100 — loss: 2.3956  train_acc: 0.0881  test_acc: 0.0909
2026-05-11 17:08:20,823 [INFO] Epoch 29/100 — loss: 2.3956  train_acc: 0.0890  test_acc: 0.0909
2026-05-11 17:09:54,758 [INFO] Epoch 30/100 — loss: 2.3956  train_acc: 0.0881  test_acc: 0.0909
2026-05-11 17:11:27,989 [INFO] Epoch 31/100 — loss: 2.3956  train_acc: 0.0909  test_acc: 0.0909
2026-05-11 17:13:01,411 [INFO] Epoch 32/100 — loss: 2.3956  train_acc: 0.0890  test_acc: 0.0909
2026-05-11 17:14:35,108 [INFO] Epoch 33/100 — loss: 2.3956  train_acc: 0.0890  test_acc: 0.0909
2026-05-11 17:16:08,292 [INFO] Epoch 34/100 — loss: 2.3956  train_acc: 0.0909  test_acc: 0.0909
2026-05-11 17:17:43,511 [INFO] Epoch 35/100 — loss: 2.3956  train_acc: 0.0862  test_acc: 0.0909
2026-05-11 17:19:16,923 [INFO] Epoch 36/100 — loss: 2.3956  train_acc: 0.0919  test_acc: 0.0909
2026-05-11 17:20:49,869 [INFO] Epoch 37/100 — loss: 2.3956  train_acc: 0.0919  test_acc: 0.0909
2026-05-11 17:22:23,781 [INFO] Epoch 38/100 — loss: 2.3956  train_acc: 0.0909  test_acc: 0.0909
2026-05-11 17:23:57,395 [INFO] Epoch 39/100 — loss: 2.3956  train_acc: 0.0890  test_acc: 0.0909
2026-05-11 17:25:30,831 [INFO] Epoch 40/100 — loss: 2.3956  train_acc: 0.0919  test_acc: 0.0909
2026-05-11 17:27:04,313 [INFO] Epoch 41/100 — loss: 2.3956  train_acc: 0.0900  test_acc: 0.0909
2026-05-11 17:28:38,074 [INFO] Epoch 42/100 — loss: 2.3956  train_acc: 0.0900  test_acc: 0.0909
2026-05-11 17:30:11,583 [INFO] Epoch 43/100 — loss: 2.3956  train_acc: 0.0909  test_acc: 0.0909
2026-05-11 17:31:44,850 [INFO] Epoch 44/100 — loss: 2.3956  train_acc: 0.0881  test_acc: 0.0909
2026-05-11 17:33:18,968 [INFO] Epoch 45/100 — loss: 2.3956  train_acc: 0.0900  test_acc: 0.0909
2026-05-11 17:34:52,364 [INFO] Epoch 46/100 — loss: 2.3956  train_acc: 0.0881  test_acc: 0.0909
2026-05-11 17:36:25,670 [INFO] Epoch 47/100 — loss: 2.3956  train_acc: 0.0919  test_acc: 0.0909
2026-05-11 17:37:59,003 [INFO] Epoch 48/100 — loss: 2.3956  train_acc: 0.0871  test_acc: 0.0909
2026-05-11 17:39:32,964 [INFO] Epoch 49/100 — loss: 2.3956  train_acc: 0.0900  test_acc: 0.0909
2026-05-11 17:41:07,122 [INFO] Epoch 50/100 — loss: 2.3956  train_acc: 0.0909  test_acc: 0.0909
2026-05-11 17:42:41,173 [INFO] Epoch 51/100 — loss: 2.3956  train_acc: 0.0881  test_acc: 0.0909
2026-05-11 17:44:15,029 [INFO] Epoch 52/100 — loss: 2.3956  train_acc: 0.0881  test_acc: 0.0909
2026-05-11 17:45:48,215 [INFO] Epoch 53/100 — loss: 2.3956  train_acc: 0.0909  test_acc: 0.0909
2026-05-11 17:47:21,728 [INFO] Epoch 54/100 — loss: 2.3956  train_acc: 0.0900  test_acc: 0.0909
2026-05-11 17:48:55,037 [INFO] Epoch 55/100 — loss: 2.3956  train_acc: 0.0900  test_acc: 0.0909
2026-05-11 17:50:28,703 [INFO] Epoch 56/100 — loss: 2.3956  train_acc: 0.0881  test_acc: 0.0909
2026-05-11 17:52:02,606 [INFO] Epoch 57/100 — loss: 2.3956  train_acc: 0.0919  test_acc: 0.0909
2026-05-11 17:53:37,044 [INFO] Epoch 58/100 — loss: 2.3956  train_acc: 0.0881  test_acc: 0.0909
2026-05-11 17:55:10,858 [INFO] Epoch 59/100 — loss: 2.3956  train_acc: 0.0900  test_acc: 0.0909
2026-05-11 17:56:44,757 [INFO] Epoch 60/100 — loss: 2.3956  train_acc: 0.0900  test_acc: 0.0909
2026-05-11 17:58:18,847 [INFO] Epoch 61/100 — loss: 2.3956  train_acc: 0.0900  test_acc: 0.0909
2026-05-11 17:59:54,259 [INFO] Epoch 62/100 — loss: 2.3956  train_acc: 0.0900  test_acc: 0.0909
2026-05-11 18:01:27,271 [INFO] Epoch 63/100 — loss: 2.3956  train_acc: 0.0909  test_acc: 0.0909
2026-05-11 18:03:00,390 [INFO] Epoch 64/100 — loss: 2.3956  train_acc: 0.0900  test_acc: 0.0909
2026-05-11 18:04:35,241 [INFO] Epoch 65/100 — loss: 2.3956  train_acc: 0.0890  test_acc: 0.0909
2026-05-11 18:06:09,152 [INFO] Epoch 66/100 — loss: 2.3956  train_acc: 0.0919  test_acc: 0.0909
2026-05-11 18:07:43,489 [INFO] Epoch 67/100 — loss: 2.3956  train_acc: 0.0900  test_acc: 0.0909
2026-05-11 18:09:17,652 [INFO] Epoch 68/100 — loss: 2.3956  train_acc: 0.0909  test_acc: 0.0909
2026-05-11 18:10:51,358 [INFO] Epoch 69/100 — loss: 2.3956  train_acc: 0.0919  test_acc: 0.0909
2026-05-11 18:12:24,520 [INFO] Epoch 70/100 — loss: 2.3956  train_acc: 0.0909  test_acc: 0.0909
2026-05-11 18:13:58,550 [INFO] Epoch 71/100 — loss: 2.3956  train_acc: 0.0909  test_acc: 0.0909
2026-05-11 18:15:32,366 [INFO] Epoch 72/100 — loss: 2.3956  train_acc: 0.0900  test_acc: 0.0909
2026-05-11 18:17:05,694 [INFO] Epoch 73/100 — loss: 2.3956  train_acc: 0.0909  test_acc: 0.0909
2026-05-11 18:18:39,139 [INFO] Epoch 74/100 — loss: 2.3956  train_acc: 0.0909  test_acc: 0.0909
2026-05-11 18:20:13,074 [INFO] Epoch 75/100 — loss: 2.3956  train_acc: 0.0900  test_acc: 0.0909
2026-05-11 18:21:47,858 [INFO] Epoch 76/100 — loss: 2.3956  train_acc: 0.0881  test_acc: 0.0909
2026-05-11 18:23:22,286 [INFO] Epoch 77/100 — loss: 2.3956  train_acc: 0.0909  test_acc: 0.0909
2026-05-11 18:24:56,566 [INFO] Epoch 78/100 — loss: 2.3956  train_acc: 0.0909  test_acc: 0.0909
2026-05-11 18:26:29,815 [INFO] Epoch 79/100 — loss: 2.3956  train_acc: 0.0900  test_acc: 0.0909
2026-05-11 18:28:03,720 [INFO] Epoch 80/100 — loss: 2.3956  train_acc: 0.0900  test_acc: 0.0909
2026-05-11 18:29:36,907 [INFO] Epoch 81/100 — loss: 2.3956  train_acc: 0.0881  test_acc: 0.0909
2026-05-11 18:31:09,986 [INFO] Epoch 82/100 — loss: 2.3956  train_acc: 0.0890  test_acc: 0.0909
2026-05-11 18:32:43,112 [INFO] Epoch 83/100 — loss: 2.3956  train_acc: 0.0900  test_acc: 0.0909
2026-05-11 18:34:17,681 [INFO] Epoch 84/100 — loss: 2.3956  train_acc: 0.0890  test_acc: 0.0909
2026-05-11 18:35:50,883 [INFO] Epoch 85/100 — loss: 2.3956  train_acc: 0.0919  test_acc: 0.0909
2026-05-11 18:37:24,262 [INFO] Epoch 86/100 — loss: 2.3956  train_acc: 0.0909  test_acc: 0.0909
2026-05-11 18:38:58,095 [INFO] Epoch 87/100 — loss: 2.3956  train_acc: 0.0890  test_acc: 0.0909
2026-05-11 18:40:34,739 [INFO] Epoch 88/100 — loss: 2.3956  train_acc: 0.0909  test_acc: 0.0909
2026-05-11 18:42:09,135 [INFO] Epoch 89/100 — loss: 2.3956  train_acc: 0.0881  test_acc: 0.0909
2026-05-11 18:43:42,489 [INFO] Epoch 90/100 — loss: 2.3956  train_acc: 0.0890  test_acc: 0.0909
2026-05-11 18:45:15,444 [INFO] Epoch 91/100 — loss: 2.3956  train_acc: 0.0900  test_acc: 0.0909
2026-05-11 18:46:48,902 [INFO] Epoch 92/100 — loss: 2.3956  train_acc: 0.0881  test_acc: 0.0909
2026-05-11 18:48:22,358 [INFO] Epoch 93/100 — loss: 2.3956  train_acc: 0.0871  test_acc: 0.0909
2026-05-11 18:49:57,794 [INFO] Epoch 94/100 — loss: 2.3956  train_acc: 0.0890  test_acc: 0.0909
2026-05-11 18:51:31,720 [INFO] Epoch 95/100 — loss: 2.3956  train_acc: 0.0909  test_acc: 0.0909
2026-05-11 18:53:05,540 [INFO] Epoch 96/100 — loss: 2.3956  train_acc: 0.0890  test_acc: 0.0909
2026-05-11 18:54:39,650 [INFO] Epoch 97/100 — loss: 2.3956  train_acc: 0.0909  test_acc: 0.0909
2026-05-11 18:56:13,939 [INFO] Epoch 98/100 — loss: 2.3956  train_acc: 0.0900  test_acc: 0.0909
2026-05-11 18:57:49,170 [INFO] Epoch 99/100 — loss: 2.3956  train_acc: 0.0909  test_acc: 0.0909
2026-05-11 18:59:22,518 [INFO] Epoch 100/100 — loss: 2.3956  train_acc: 0.0909  test_acc: 0.0909
2026-05-11 18:59:22,520 [INFO] Training done in 9365.9 s. Final test accuracy: 0.0909
2026-05-11 18:59:22,520 [INFO] Running NeuroBench evaluation...
  0%|          | 0/9 [00:00<?, ?it/s]  0%|          | 0/9 [00:02<?, ?it/s]
2026-05-11 18:59:25,360 [WARNING] NeuroBench evaluation failed: CUDA out of memory. Tried to allocate 128.00 MiB. GPU 0 has a total capacity of 44.43 GiB of which 8.00 MiB is free. Including non-PyTorch memory, this process has 44.42 GiB memory in use. Of the allocated memory 43.97 GiB is allocated by PyTorch, and 129.99 MiB is reserved by PyTorch but unallocated. If reserved but unallocated memory is large try setting PYTORCH_ALLOC_CONF=expandable_segments:True to avoid fragmentation.  See documentation for Memory Management  (https://pytorch.org/docs/stable/notes/cuda.html#environment-variables)
2026-05-11 18:59:27,401 [INFO] Results written to: experiments/paper_vgg9_ottt_tpnet_dvsgesture/experiments/ottt_tpnet_dvsgesture
2026-05-11 18:59:27,428 [INFO] Summary updated (1/1): experiments/paper_vgg9_ottt_tpnet_dvsgesture/summary.csv
2026-05-11 18:59:27,465 [INFO] Summary written to: experiments/paper_vgg9_ottt_tpnet_dvsgesture/summary.csv
INFO:    Cleaning up image...
