INFO:    squashfuse not found, will not be able to mount SIF or other squashfs files
INFO:    gocryptfs not found, will not be able to use gocryptfs
INFO:    Converting SIF file to temporary sandbox...
2026-05-11 08:29:22,548 [INFO] Loading experiments from: config/paper/vgg9/bptt_otttnet_svhn.yaml
2026-05-11 08:29:22,621 [INFO] Built 1 experiment specs from custom config.
2026-05-11 08:29:22,621 [INFO] Found 1 experiment(s) to run.
2026-05-11 08:29:22,676 [INFO] Campaign output: experiments/paper_vgg9_bptt_otttnet_svhn
2026-05-11 08:29:22,721 [INFO] Terminal stdout log: experiments/paper_vgg9_bptt_otttnet_svhn/terminal_stdout.log
2026-05-11 08:29:22,721 [INFO] Terminal stderr log: experiments/paper_vgg9_bptt_otttnet_svhn/terminal_stderr.log
2026-05-11 08:29:22,721 [INFO] Combined terminal log: experiments/paper_vgg9_bptt_otttnet_svhn/terminal.log
2026-05-11 08:29:22,743 [INFO] [1/1] Running: bptt_otttnet_svhn  (trainer=bptt, model=vgg9, dataset=svhn)
2026-05-11 08:29:24,621 [INFO] Starting experiment: bptt_otttnet_svhn
2026-05-11 08:29:24,756 [INFO] Using device: cuda
2026-05-11 08:29:24,756 [INFO] Loading dataset: svhn (T=10, batch=128)
2026-05-11 08:29:27,218 [INFO] Building network: vgg9
2026-05-11 08:29:27,435 [INFO] Building trainer: bptt
2026-05-11 08:29:27,436 [INFO] Training for 100 epochs...
2026-05-11 08:34:15,819 [INFO] Epoch 1/100 — loss: 1.8400  train_acc: 0.3724  test_acc: 0.4915
2026-05-11 08:39:04,428 [INFO] Epoch 2/100 — loss: 1.2087  train_acc: 0.6281  test_acc: 0.7021
2026-05-11 08:43:52,992 [INFO] Epoch 3/100 — loss: 0.8356  train_acc: 0.7546  test_acc: 0.7928
2026-05-11 08:48:41,479 [INFO] Epoch 4/100 — loss: 0.6465  train_acc: 0.8120  test_acc: 0.8413
2026-05-11 08:53:29,939 [INFO] Epoch 5/100 — loss: 0.5395  train_acc: 0.8452  test_acc: 0.8680
2026-05-11 08:58:18,437 [INFO] Epoch 6/100 — loss: 0.4659  train_acc: 0.8689  test_acc: 0.8873
2026-05-11 09:03:06,849 [INFO] Epoch 7/100 — loss: 0.4143  train_acc: 0.8845  test_acc: 0.8942
2026-05-11 09:07:55,417 [INFO] Epoch 8/100 — loss: 0.3723  train_acc: 0.8982  test_acc: 0.9038
2026-05-11 09:12:44,035 [INFO] Epoch 9/100 — loss: 0.3424  train_acc: 0.9064  test_acc: 0.9125
2026-05-11 09:17:32,339 [INFO] Epoch 10/100 — loss: 0.3163  train_acc: 0.9155  test_acc: 0.9121
2026-05-11 09:22:20,442 [INFO] Epoch 11/100 — loss: 0.2933  train_acc: 0.9218  test_acc: 0.9194
2026-05-11 09:27:08,557 [INFO] Epoch 12/100 — loss: 0.2749  train_acc: 0.9293  test_acc: 0.9197
2026-05-11 09:31:55,934 [INFO] Epoch 13/100 — loss: nan  train_acc: 0.1807  test_acc: 0.0670
2026-05-11 09:36:43,103 [INFO] Epoch 14/100 — loss: nan  train_acc: 0.0675  test_acc: 0.0670
2026-05-11 09:41:30,230 [INFO] Epoch 15/100 — loss: nan  train_acc: 0.0675  test_acc: 0.0670
2026-05-11 09:46:17,313 [INFO] Epoch 16/100 — loss: nan  train_acc: 0.0675  test_acc: 0.0670
2026-05-11 09:51:04,448 [INFO] Epoch 17/100 — loss: nan  train_acc: 0.0675  test_acc: 0.0670
2026-05-11 09:55:51,598 [INFO] Epoch 18/100 — loss: nan  train_acc: 0.0675  test_acc: 0.0670
2026-05-11 10:00:38,801 [INFO] Epoch 19/100 — loss: nan  train_acc: 0.0675  test_acc: 0.0670
2026-05-11 10:05:25,907 [INFO] Epoch 20/100 — loss: nan  train_acc: 0.0675  test_acc: 0.0670
2026-05-11 10:10:13,092 [INFO] Epoch 21/100 — loss: nan  train_acc: 0.0675  test_acc: 0.0670
2026-05-11 10:15:00,235 [INFO] Epoch 22/100 — loss: nan  train_acc: 0.0675  test_acc: 0.0670
2026-05-11 10:19:47,321 [INFO] Epoch 23/100 — loss: nan  train_acc: 0.0675  test_acc: 0.0670
2026-05-11 10:24:34,445 [INFO] Epoch 24/100 — loss: nan  train_acc: 0.0675  test_acc: 0.0670
2026-05-11 10:29:21,587 [INFO] Epoch 25/100 — loss: nan  train_acc: 0.0675  test_acc: 0.0670
2026-05-11 10:34:08,691 [INFO] Epoch 26/100 — loss: nan  train_acc: 0.0675  test_acc: 0.0670
2026-05-11 10:38:55,769 [INFO] Epoch 27/100 — loss: nan  train_acc: 0.0675  test_acc: 0.0670
2026-05-11 10:43:42,911 [INFO] Epoch 28/100 — loss: nan  train_acc: 0.0675  test_acc: 0.0670
2026-05-11 10:48:30,044 [INFO] Epoch 29/100 — loss: nan  train_acc: 0.0675  test_acc: 0.0670
2026-05-11 10:53:17,150 [INFO] Epoch 30/100 — loss: nan  train_acc: 0.0675  test_acc: 0.0670
2026-05-11 10:58:04,208 [INFO] Epoch 31/100 — loss: nan  train_acc: 0.0675  test_acc: 0.0670
2026-05-11 11:02:51,242 [INFO] Epoch 32/100 — loss: nan  train_acc: 0.0675  test_acc: 0.0670
2026-05-11 11:07:38,277 [INFO] Epoch 33/100 — loss: nan  train_acc: 0.0675  test_acc: 0.0670
2026-05-11 11:12:25,367 [INFO] Epoch 34/100 — loss: nan  train_acc: 0.0675  test_acc: 0.0670
2026-05-11 11:17:12,354 [INFO] Epoch 35/100 — loss: nan  train_acc: 0.0675  test_acc: 0.0670
2026-05-11 11:21:59,295 [INFO] Epoch 36/100 — loss: nan  train_acc: 0.0675  test_acc: 0.0670
2026-05-11 11:26:46,177 [INFO] Epoch 37/100 — loss: nan  train_acc: 0.0675  test_acc: 0.0670
2026-05-11 11:31:33,154 [INFO] Epoch 38/100 — loss: nan  train_acc: 0.0675  test_acc: 0.0670
2026-05-11 11:36:20,108 [INFO] Epoch 39/100 — loss: nan  train_acc: 0.0675  test_acc: 0.0670
2026-05-11 11:41:06,931 [INFO] Epoch 40/100 — loss: nan  train_acc: 0.0675  test_acc: 0.0670
2026-05-11 11:45:53,668 [INFO] Epoch 41/100 — loss: nan  train_acc: 0.0675  test_acc: 0.0670
2026-05-11 11:50:40,560 [INFO] Epoch 42/100 — loss: nan  train_acc: 0.0675  test_acc: 0.0670
2026-05-11 11:55:28,362 [INFO] Epoch 43/100 — loss: nan  train_acc: 0.0675  test_acc: 0.0670
2026-05-11 12:00:15,195 [INFO] Epoch 44/100 — loss: nan  train_acc: 0.0675  test_acc: 0.0670
2026-05-11 12:05:02,040 [INFO] Epoch 45/100 — loss: nan  train_acc: 0.0675  test_acc: 0.0670
2026-05-11 12:09:48,861 [INFO] Epoch 46/100 — loss: nan  train_acc: 0.0675  test_acc: 0.0670
2026-05-11 12:14:35,751 [INFO] Epoch 47/100 — loss: nan  train_acc: 0.0675  test_acc: 0.0670
2026-05-11 12:19:22,653 [INFO] Epoch 48/100 — loss: nan  train_acc: 0.0675  test_acc: 0.0670
2026-05-11 12:24:09,565 [INFO] Epoch 49/100 — loss: nan  train_acc: 0.0675  test_acc: 0.0670
2026-05-11 12:28:56,703 [INFO] Epoch 50/100 — loss: nan  train_acc: 0.0675  test_acc: 0.0670
2026-05-11 12:33:43,560 [INFO] Epoch 51/100 — loss: nan  train_acc: 0.0675  test_acc: 0.0670
2026-05-11 12:38:30,463 [INFO] Epoch 52/100 — loss: nan  train_acc: 0.0675  test_acc: 0.0670
2026-05-11 12:43:17,346 [INFO] Epoch 53/100 — loss: nan  train_acc: 0.0675  test_acc: 0.0670
2026-05-11 12:48:04,310 [INFO] Epoch 54/100 — loss: nan  train_acc: 0.0675  test_acc: 0.0670
2026-05-11 12:52:51,157 [INFO] Epoch 55/100 — loss: nan  train_acc: 0.0675  test_acc: 0.0670
2026-05-11 12:57:37,973 [INFO] Epoch 56/100 — loss: nan  train_acc: 0.0675  test_acc: 0.0670
2026-05-11 13:02:24,878 [INFO] Epoch 57/100 — loss: nan  train_acc: 0.0675  test_acc: 0.0670
2026-05-11 13:07:11,770 [INFO] Epoch 58/100 — loss: nan  train_acc: 0.0675  test_acc: 0.0670
2026-05-11 13:11:58,619 [INFO] Epoch 59/100 — loss: nan  train_acc: 0.0675  test_acc: 0.0670
2026-05-11 13:16:45,682 [INFO] Epoch 60/100 — loss: nan  train_acc: 0.0675  test_acc: 0.0670
2026-05-11 13:21:32,531 [INFO] Epoch 61/100 — loss: nan  train_acc: 0.0675  test_acc: 0.0670
2026-05-11 13:26:19,363 [INFO] Epoch 62/100 — loss: nan  train_acc: 0.0675  test_acc: 0.0670
2026-05-11 13:31:06,305 [INFO] Epoch 63/100 — loss: nan  train_acc: 0.0675  test_acc: 0.0670
2026-05-11 13:35:53,269 [INFO] Epoch 64/100 — loss: nan  train_acc: 0.0675  test_acc: 0.0670
2026-05-11 13:40:40,125 [INFO] Epoch 65/100 — loss: nan  train_acc: 0.0675  test_acc: 0.0670
2026-05-11 13:45:27,025 [INFO] Epoch 66/100 — loss: nan  train_acc: 0.0675  test_acc: 0.0670
2026-05-11 13:50:13,993 [INFO] Epoch 67/100 — loss: nan  train_acc: 0.0675  test_acc: 0.0670
2026-05-11 13:55:00,922 [INFO] Epoch 68/100 — loss: nan  train_acc: 0.0675  test_acc: 0.0670
2026-05-11 13:59:47,825 [INFO] Epoch 69/100 — loss: nan  train_acc: 0.0675  test_acc: 0.0670
2026-05-11 14:04:34,810 [INFO] Epoch 70/100 — loss: nan  train_acc: 0.0675  test_acc: 0.0670
2026-05-11 14:09:21,777 [INFO] Epoch 71/100 — loss: nan  train_acc: 0.0675  test_acc: 0.0670
2026-05-11 14:14:08,722 [INFO] Epoch 72/100 — loss: nan  train_acc: 0.0675  test_acc: 0.0670
2026-05-11 14:18:55,782 [INFO] Epoch 73/100 — loss: nan  train_acc: 0.0675  test_acc: 0.0670
2026-05-11 14:23:42,700 [INFO] Epoch 74/100 — loss: nan  train_acc: 0.0675  test_acc: 0.0670
2026-05-11 14:28:29,639 [INFO] Epoch 75/100 — loss: nan  train_acc: 0.0675  test_acc: 0.0670
2026-05-11 14:33:16,453 [INFO] Epoch 76/100 — loss: nan  train_acc: 0.0675  test_acc: 0.0670
2026-05-11 14:38:03,355 [INFO] Epoch 77/100 — loss: nan  train_acc: 0.0675  test_acc: 0.0670
2026-05-11 14:42:50,435 [INFO] Epoch 78/100 — loss: nan  train_acc: 0.0675  test_acc: 0.0670
2026-05-11 14:47:37,366 [INFO] Epoch 79/100 — loss: nan  train_acc: 0.0675  test_acc: 0.0670
2026-05-11 14:52:24,305 [INFO] Epoch 80/100 — loss: nan  train_acc: 0.0675  test_acc: 0.0670
2026-05-11 14:57:11,198 [INFO] Epoch 81/100 — loss: nan  train_acc: 0.0675  test_acc: 0.0670
2026-05-11 15:01:58,089 [INFO] Epoch 82/100 — loss: nan  train_acc: 0.0675  test_acc: 0.0670
slurmstepd: error: *** JOB 1714302 ON compute-5-11 CANCELLED AT 2026-05-11T15:04:02 ***
