INFO:    squashfuse not found, will not be able to mount SIF or other squashfs files
INFO:    gocryptfs not found, will not be able to use gocryptfs
INFO:    Converting SIF file to temporary sandbox...
2026-05-11 08:26:47,686 [INFO] Loading experiments from: config/paper/vgg9/bptt_tpnet_dvsgesture.yaml
2026-05-11 08:26:47,785 [INFO] Built 1 experiment specs from custom config.
2026-05-11 08:26:47,785 [INFO] Found 1 experiment(s) to run.
2026-05-11 08:26:47,848 [INFO] Campaign output: experiments/paper_vgg9_bptt_tpnet_dvsgesture
2026-05-11 08:26:47,895 [INFO] Terminal stdout log: experiments/paper_vgg9_bptt_tpnet_dvsgesture/terminal_stdout.log
2026-05-11 08:26:47,895 [INFO] Terminal stderr log: experiments/paper_vgg9_bptt_tpnet_dvsgesture/terminal_stderr.log
2026-05-11 08:26:47,896 [INFO] Combined terminal log: experiments/paper_vgg9_bptt_tpnet_dvsgesture/terminal.log
2026-05-11 08:26:47,914 [INFO] [1/1] Running: bptt_tpnet_dvsgesture  (trainer=bptt, model=vgg9, dataset=dvsgesture)
2026-05-11 08:26:50,168 [INFO] Starting experiment: bptt_tpnet_dvsgesture
2026-05-11 08:26:50,315 [INFO] Using device: cuda
2026-05-11 08:26:50,316 [INFO] Loading dataset: dvsgesture (T=20, batch=32)
2026-05-11 08:26:51,396 [INFO] Building network: vgg9
2026-05-11 08:26:51,603 [INFO] Building trainer: bptt
2026-05-11 08:26:51,604 [INFO] Training for 100 epochs...
2026-05-11 08:28:23,624 [INFO] Epoch 1/100 — loss: 1.2186  train_acc: 0.5606  test_acc: 0.7424
2026-05-11 08:29:55,251 [INFO] Epoch 2/100 — loss: 0.6201  train_acc: 0.7803  test_acc: 0.7462
2026-05-11 08:31:26,608 [INFO] Epoch 3/100 — loss: 0.4108  train_acc: 0.8551  test_acc: 0.8106
2026-05-11 08:32:57,767 [INFO] Epoch 4/100 — loss: 0.2888  train_acc: 0.8892  test_acc: 0.7235
2026-05-11 08:34:28,983 [INFO] Epoch 5/100 — loss: 0.2448  train_acc: 0.9062  test_acc: 0.8258
2026-05-11 08:35:59,377 [INFO] Epoch 6/100 — loss: 0.1223  train_acc: 0.9583  test_acc: 0.8485
2026-05-11 08:37:28,785 [INFO] Epoch 7/100 — loss: 0.0853  train_acc: 0.9716  test_acc: 0.8523
2026-05-11 08:38:58,375 [INFO] Epoch 8/100 — loss: 0.0998  train_acc: 0.9631  test_acc: 0.7992
2026-05-11 08:40:26,880 [INFO] Epoch 9/100 — loss: 0.1339  train_acc: 0.9555  test_acc: 0.7992
2026-05-11 08:41:56,299 [INFO] Epoch 10/100 — loss: 0.1144  train_acc: 0.9621  test_acc: 0.8106
2026-05-11 08:43:24,839 [INFO] Epoch 11/100 — loss: 0.0447  train_acc: 0.9858  test_acc: 0.8144
2026-05-11 08:44:53,577 [INFO] Epoch 12/100 — loss: 0.0478  train_acc: 0.9820  test_acc: 0.8371
2026-05-11 08:46:22,860 [INFO] Epoch 13/100 — loss: 0.0166  train_acc: 0.9962  test_acc: 0.8523
2026-05-11 08:47:51,413 [INFO] Epoch 14/100 — loss: 0.0213  train_acc: 0.9962  test_acc: 0.8523
2026-05-11 08:49:19,823 [INFO] Epoch 15/100 — loss: 0.0242  train_acc: 0.9896  test_acc: 0.8485
2026-05-11 08:50:48,698 [INFO] Epoch 16/100 — loss: 0.0399  train_acc: 0.9867  test_acc: 0.8258
2026-05-11 08:52:17,123 [INFO] Epoch 17/100 — loss: 0.2795  train_acc: 0.9280  test_acc: 0.7576
2026-05-11 08:53:45,671 [INFO] Epoch 18/100 — loss: 0.3804  train_acc: 0.8949  test_acc: 0.8258
2026-05-11 08:55:14,039 [INFO] Epoch 19/100 — loss: 0.1500  train_acc: 0.9451  test_acc: 0.8371
2026-05-11 08:56:42,647 [INFO] Epoch 20/100 — loss: 0.0773  train_acc: 0.9678  test_acc: 0.8258
2026-05-11 08:58:11,344 [INFO] Epoch 21/100 — loss: 0.0659  train_acc: 0.9792  test_acc: 0.8561
2026-05-11 08:59:39,737 [INFO] Epoch 22/100 — loss: 0.0223  train_acc: 0.9934  test_acc: 0.8750
2026-05-11 09:01:08,133 [INFO] Epoch 23/100 — loss: 0.0197  train_acc: 0.9915  test_acc: 0.8864
2026-05-11 09:02:38,091 [INFO] Epoch 24/100 — loss: 0.0087  train_acc: 0.9972  test_acc: 0.8674
2026-05-11 09:04:06,649 [INFO] Epoch 25/100 — loss: 0.0045  train_acc: 0.9981  test_acc: 0.8712
2026-05-11 09:05:36,181 [INFO] Epoch 26/100 — loss: 0.0043  train_acc: 0.9981  test_acc: 0.8674
2026-05-11 09:07:05,188 [INFO] Epoch 27/100 — loss: 0.0042  train_acc: 0.9981  test_acc: 0.8750
2026-05-11 09:08:33,581 [INFO] Epoch 28/100 — loss: 0.0042  train_acc: 0.9981  test_acc: 0.8712
2026-05-11 09:10:02,199 [INFO] Epoch 29/100 — loss: 0.0041  train_acc: 0.9981  test_acc: 0.8712
2026-05-11 09:11:31,148 [INFO] Epoch 30/100 — loss: 0.0040  train_acc: 0.9981  test_acc: 0.8674
2026-05-11 09:12:59,681 [INFO] Epoch 31/100 — loss: 0.0040  train_acc: 0.9981  test_acc: 0.8674
2026-05-11 09:14:28,307 [INFO] Epoch 32/100 — loss: 0.0040  train_acc: 0.9981  test_acc: 0.8712
2026-05-11 09:15:56,887 [INFO] Epoch 33/100 — loss: 0.0039  train_acc: 0.9991  test_acc: 0.8712
2026-05-11 09:17:25,464 [INFO] Epoch 34/100 — loss: 0.0038  train_acc: 0.9991  test_acc: 0.8712
2026-05-11 09:18:54,852 [INFO] Epoch 35/100 — loss: 0.0038  train_acc: 0.9991  test_acc: 0.8750
2026-05-11 09:20:23,272 [INFO] Epoch 36/100 — loss: 0.0037  train_acc: 0.9991  test_acc: 0.8750
2026-05-11 09:21:51,933 [INFO] Epoch 37/100 — loss: 0.0037  train_acc: 0.9991  test_acc: 0.8750
2026-05-11 09:23:20,285 [INFO] Epoch 38/100 — loss: 0.0037  train_acc: 0.9991  test_acc: 0.8826
2026-05-11 09:24:49,096 [INFO] Epoch 39/100 — loss: 0.0037  train_acc: 0.9991  test_acc: 0.8750
2026-05-11 09:26:17,413 [INFO] Epoch 40/100 — loss: 0.0036  train_acc: 0.9991  test_acc: 0.8788
2026-05-11 09:27:45,625 [INFO] Epoch 41/100 — loss: 0.0036  train_acc: 0.9991  test_acc: 0.8788
2026-05-11 09:29:13,137 [INFO] Epoch 42/100 — loss: 0.0035  train_acc: 0.9991  test_acc: 0.8826
2026-05-11 09:30:41,761 [INFO] Epoch 43/100 — loss: 0.0035  train_acc: 0.9991  test_acc: 0.8864
2026-05-11 09:32:10,025 [INFO] Epoch 44/100 — loss: 0.0034  train_acc: 0.9991  test_acc: 0.8902
2026-05-11 09:33:38,206 [INFO] Epoch 45/100 — loss: 0.0034  train_acc: 0.9991  test_acc: 0.8826
2026-05-11 09:35:06,569 [INFO] Epoch 46/100 — loss: 0.0034  train_acc: 0.9991  test_acc: 0.8902
2026-05-11 09:36:35,202 [INFO] Epoch 47/100 — loss: 0.0033  train_acc: 0.9991  test_acc: 0.8864
2026-05-11 09:38:03,308 [INFO] Epoch 48/100 — loss: 0.0032  train_acc: 0.9991  test_acc: 0.8788
2026-05-11 09:39:31,810 [INFO] Epoch 49/100 — loss: 0.0033  train_acc: 0.9991  test_acc: 0.8864
2026-05-11 09:40:59,903 [INFO] Epoch 50/100 — loss: 0.0033  train_acc: 0.9991  test_acc: 0.8864
2026-05-11 09:42:28,013 [INFO] Epoch 51/100 — loss: 0.0032  train_acc: 0.9991  test_acc: 0.8864
2026-05-11 09:43:57,486 [INFO] Epoch 52/100 — loss: 0.0032  train_acc: 0.9991  test_acc: 0.8864
2026-05-11 09:45:25,648 [INFO] Epoch 53/100 — loss: 0.0024  train_acc: 0.9991  test_acc: 0.8864
2026-05-11 09:46:53,849 [INFO] Epoch 54/100 — loss: 0.0032  train_acc: 0.9991  test_acc: 0.8864
2026-05-11 09:48:21,989 [INFO] Epoch 55/100 — loss: 0.0031  train_acc: 0.9991  test_acc: 0.8902
2026-05-11 09:49:50,043 [INFO] Epoch 56/100 — loss: 0.0031  train_acc: 0.9991  test_acc: 0.8864
2026-05-11 09:51:17,779 [INFO] Epoch 57/100 — loss: 0.0030  train_acc: 0.9991  test_acc: 0.8864
2026-05-11 09:52:45,871 [INFO] Epoch 58/100 — loss: 0.0030  train_acc: 0.9991  test_acc: 0.8939
2026-05-11 09:54:14,049 [INFO] Epoch 59/100 — loss: 0.0030  train_acc: 0.9991  test_acc: 0.8902
2026-05-11 09:55:42,558 [INFO] Epoch 60/100 — loss: 0.0030  train_acc: 0.9991  test_acc: 0.8939
2026-05-11 09:57:10,483 [INFO] Epoch 61/100 — loss: 0.0029  train_acc: 0.9991  test_acc: 0.9015
2026-05-11 09:58:38,447 [INFO] Epoch 62/100 — loss: 0.0029  train_acc: 0.9991  test_acc: 0.8939
2026-05-11 10:00:06,314 [INFO] Epoch 63/100 — loss: 0.0029  train_acc: 0.9991  test_acc: 0.8902
2026-05-11 10:01:34,321 [INFO] Epoch 64/100 — loss: 0.0029  train_acc: 0.9991  test_acc: 0.8977
2026-05-11 10:03:03,126 [INFO] Epoch 65/100 — loss: 0.0029  train_acc: 0.9991  test_acc: 0.8902
2026-05-11 10:04:31,100 [INFO] Epoch 66/100 — loss: 0.0028  train_acc: 0.9991  test_acc: 0.8902
2026-05-11 10:05:59,210 [INFO] Epoch 67/100 — loss: 0.0028  train_acc: 0.9991  test_acc: 0.8902
2026-05-11 10:07:27,462 [INFO] Epoch 68/100 — loss: 0.0028  train_acc: 0.9991  test_acc: 0.8939
2026-05-11 10:08:55,651 [INFO] Epoch 69/100 — loss: 0.0028  train_acc: 0.9991  test_acc: 0.8864
2026-05-11 10:10:23,781 [INFO] Epoch 70/100 — loss: 0.0023  train_acc: 0.9991  test_acc: 0.8902
2026-05-11 10:11:52,162 [INFO] Epoch 71/100 — loss: 0.0027  train_acc: 0.9991  test_acc: 0.8902
2026-05-11 10:13:19,839 [INFO] Epoch 72/100 — loss: 0.0027  train_acc: 0.9991  test_acc: 0.8977
2026-05-11 10:14:47,687 [INFO] Epoch 73/100 — loss: 0.0027  train_acc: 0.9991  test_acc: 0.8902
2026-05-11 10:16:15,706 [INFO] Epoch 74/100 — loss: 0.0004  train_acc: 1.0000  test_acc: 0.8902
2026-05-11 10:17:44,233 [INFO] Epoch 75/100 — loss: 0.0027  train_acc: 0.9991  test_acc: 0.8902
2026-05-11 10:19:12,933 [INFO] Epoch 76/100 — loss: 0.0026  train_acc: 0.9991  test_acc: 0.8939
2026-05-11 10:20:41,217 [INFO] Epoch 77/100 — loss: 0.0026  train_acc: 0.9991  test_acc: 0.8902
2026-05-11 10:22:09,619 [INFO] Epoch 78/100 — loss: 0.0026  train_acc: 0.9991  test_acc: 0.8864
2026-05-11 10:23:37,767 [INFO] Epoch 79/100 — loss: 0.0026  train_acc: 0.9991  test_acc: 0.8864
2026-05-11 10:25:05,406 [INFO] Epoch 80/100 — loss: 0.0026  train_acc: 0.9991  test_acc: 0.8864
2026-05-11 10:26:33,412 [INFO] Epoch 81/100 — loss: 0.0026  train_acc: 0.9991  test_acc: 0.8939
2026-05-11 10:28:01,711 [INFO] Epoch 82/100 — loss: 0.0026  train_acc: 0.9991  test_acc: 0.8902
2026-05-11 10:29:30,033 [INFO] Epoch 83/100 — loss: 0.0026  train_acc: 0.9991  test_acc: 0.8902
2026-05-11 10:30:58,034 [INFO] Epoch 84/100 — loss: 0.0026  train_acc: 0.9991  test_acc: 0.8902
2026-05-11 10:32:26,028 [INFO] Epoch 85/100 — loss: 0.0025  train_acc: 0.9991  test_acc: 0.8864
2026-05-11 10:33:54,283 [INFO] Epoch 86/100 — loss: 0.0025  train_acc: 0.9991  test_acc: 0.8902
2026-05-11 10:35:22,879 [INFO] Epoch 87/100 — loss: 0.0025  train_acc: 0.9991  test_acc: 0.8939
2026-05-11 10:36:50,959 [INFO] Epoch 88/100 — loss: 0.0025  train_acc: 0.9991  test_acc: 0.8977
2026-05-11 10:38:19,073 [INFO] Epoch 89/100 — loss: 0.0025  train_acc: 0.9991  test_acc: 0.8939
2026-05-11 10:39:47,230 [INFO] Epoch 90/100 — loss: 0.0025  train_acc: 0.9991  test_acc: 0.8939
2026-05-11 10:41:15,206 [INFO] Epoch 91/100 — loss: 0.0025  train_acc: 0.9991  test_acc: 0.8939
2026-05-11 10:42:43,523 [INFO] Epoch 92/100 — loss: 0.0025  train_acc: 0.9991  test_acc: 0.8977
2026-05-11 10:44:11,719 [INFO] Epoch 93/100 — loss: 0.0025  train_acc: 0.9991  test_acc: 0.8939
2026-05-11 10:45:39,655 [INFO] Epoch 94/100 — loss: 0.0025  train_acc: 0.9991  test_acc: 0.8939
2026-05-11 10:47:07,810 [INFO] Epoch 95/100 — loss: 0.0025  train_acc: 0.9991  test_acc: 0.8864
2026-05-11 10:48:35,742 [INFO] Epoch 96/100 — loss: 0.0025  train_acc: 0.9991  test_acc: 0.8864
2026-05-11 10:50:03,735 [INFO] Epoch 97/100 — loss: 0.0023  train_acc: 0.9991  test_acc: 0.8977
2026-05-11 10:51:31,830 [INFO] Epoch 98/100 — loss: 0.0024  train_acc: 0.9991  test_acc: 0.8939
2026-05-11 10:53:00,070 [INFO] Epoch 99/100 — loss: 0.0002  train_acc: 1.0000  test_acc: 0.8977
2026-05-11 10:54:28,301 [INFO] Epoch 100/100 — loss: 0.0024  train_acc: 0.9991  test_acc: 0.8939
2026-05-11 10:54:28,301 [INFO] Training done in 8856.7 s. Final test accuracy: 0.8939
2026-05-11 10:54:28,301 [INFO] Running NeuroBench evaluation...
  0%|          | 0/9 [00:00<?, ?it/s]  0%|          | 0/9 [00:02<?, ?it/s]
2026-05-11 10:54:30,364 [WARNING] NeuroBench evaluation failed: CUDA out of memory. Tried to allocate 128.00 MiB. GPU 0 has a total capacity of 44.43 GiB of which 126.00 MiB is free. Including non-PyTorch memory, this process has 44.30 GiB memory in use. Of the allocated memory 43.85 GiB is allocated by PyTorch, and 133.50 MiB is reserved by PyTorch but unallocated. If reserved but unallocated memory is large try setting PYTORCH_ALLOC_CONF=expandable_segments:True to avoid fragmentation.  See documentation for Memory Management  (https://pytorch.org/docs/stable/notes/cuda.html#environment-variables)
2026-05-11 10:54:31,166 [INFO] Results written to: experiments/paper_vgg9_bptt_tpnet_dvsgesture/experiments/bptt_tpnet_dvsgesture
2026-05-11 10:54:31,176 [INFO] Summary updated (1/1): experiments/paper_vgg9_bptt_tpnet_dvsgesture/summary.csv
2026-05-11 10:54:31,185 [INFO] Summary written to: experiments/paper_vgg9_bptt_tpnet_dvsgesture/summary.csv
INFO:    Cleaning up image...
