INFO:    squashfuse not found, will not be able to mount SIF or other squashfs files
INFO:    gocryptfs not found, will not be able to use gocryptfs
INFO:    Converting SIF file to temporary sandbox...
2026-05-11 08:29:08,755 [INFO] Loading experiments from: config/paper/vgg9/bptt_otttnet_dvscifar10.yaml
2026-05-11 08:29:08,799 [INFO] Built 1 experiment specs from custom config.
2026-05-11 08:29:08,799 [INFO] Found 1 experiment(s) to run.
2026-05-11 08:29:08,818 [INFO] Campaign output: experiments/paper_vgg9_bptt_otttnet_dvscifar10
2026-05-11 08:29:08,853 [INFO] Terminal stdout log: experiments/paper_vgg9_bptt_otttnet_dvscifar10/terminal_stdout.log
2026-05-11 08:29:08,853 [INFO] Terminal stderr log: experiments/paper_vgg9_bptt_otttnet_dvscifar10/terminal_stderr.log
2026-05-11 08:29:08,853 [INFO] Combined terminal log: experiments/paper_vgg9_bptt_otttnet_dvscifar10/terminal.log
2026-05-11 08:29:08,864 [INFO] [1/1] Running: bptt_otttnet_dvscifar10  (trainer=bptt, model=vgg9, dataset=dvscifar10)
2026-05-11 08:29:10,753 [INFO] Starting experiment: bptt_otttnet_dvscifar10
2026-05-11 08:29:10,886 [INFO] Using device: cuda
2026-05-11 08:29:10,886 [INFO] Loading dataset: dvscifar10 (T=10, batch=32)
2026-05-11 08:29:11,038 [INFO] Building network: vgg9
2026-05-11 08:29:11,240 [INFO] Building trainer: bptt
2026-05-11 08:29:11,241 [INFO] Training for 100 epochs...
2026-05-11 08:35:50,188 [INFO] Epoch 1/100 — loss: 2.3029  train_acc: 0.1013  test_acc: 0.0850
2026-05-11 08:42:29,647 [INFO] Epoch 2/100 — loss: 2.3028  train_acc: 0.0979  test_acc: 0.0850
2026-05-11 08:49:07,772 [INFO] Epoch 3/100 — loss: 2.3028  train_acc: 0.1016  test_acc: 0.0850
2026-05-11 08:55:45,534 [INFO] Epoch 4/100 — loss: 2.3028  train_acc: 0.0998  test_acc: 0.0850
2026-05-11 09:02:24,251 [INFO] Epoch 5/100 — loss: 2.3028  train_acc: 0.0976  test_acc: 0.0850
2026-05-11 09:09:02,502 [INFO] Epoch 6/100 — loss: 2.3028  train_acc: 0.1008  test_acc: 0.0850
2026-05-11 09:15:40,283 [INFO] Epoch 7/100 — loss: 2.3028  train_acc: 0.1016  test_acc: 0.0850
2026-05-11 09:22:18,707 [INFO] Epoch 8/100 — loss: 2.3028  train_acc: 0.1003  test_acc: 0.0850
2026-05-11 09:28:56,722 [INFO] Epoch 9/100 — loss: 2.3028  train_acc: 0.0982  test_acc: 0.0850
2026-05-11 09:35:34,493 [INFO] Epoch 10/100 — loss: 2.3028  train_acc: 0.0984  test_acc: 0.0850
2026-05-11 09:42:12,782 [INFO] Epoch 11/100 — loss: 2.3028  train_acc: 0.0990  test_acc: 0.0850
2026-05-11 09:48:50,737 [INFO] Epoch 12/100 — loss: 2.3028  train_acc: 0.0930  test_acc: 0.0850
2026-05-11 09:55:28,725 [INFO] Epoch 13/100 — loss: 2.3028  train_acc: 0.0985  test_acc: 0.0850
2026-05-11 10:02:06,717 [INFO] Epoch 14/100 — loss: 2.3028  train_acc: 0.0966  test_acc: 0.0850
2026-05-11 10:08:44,618 [INFO] Epoch 15/100 — loss: 2.3028  train_acc: 0.1015  test_acc: 0.0850
2026-05-11 10:15:22,573 [INFO] Epoch 16/100 — loss: 2.3028  train_acc: 0.0980  test_acc: 0.0850
2026-05-11 10:22:00,578 [INFO] Epoch 17/100 — loss: 2.3028  train_acc: 0.1016  test_acc: 0.0850
2026-05-11 10:28:39,273 [INFO] Epoch 18/100 — loss: 2.3028  train_acc: 0.1018  test_acc: 0.0850
2026-05-11 10:35:17,713 [INFO] Epoch 19/100 — loss: 2.3028  train_acc: 0.0986  test_acc: 0.0850
2026-05-11 10:41:55,730 [INFO] Epoch 20/100 — loss: 2.3028  train_acc: 0.1004  test_acc: 0.0850
2026-05-11 10:48:34,291 [INFO] Epoch 21/100 — loss: 2.3028  train_acc: 0.0999  test_acc: 0.0850
2026-05-11 10:55:12,358 [INFO] Epoch 22/100 — loss: 2.3028  train_acc: 0.0965  test_acc: 0.0850
2026-05-11 11:01:50,260 [INFO] Epoch 23/100 — loss: 2.3028  train_acc: 0.0970  test_acc: 0.0850
2026-05-11 11:08:27,999 [INFO] Epoch 24/100 — loss: 2.3028  train_acc: 0.1016  test_acc: 0.0850
2026-05-11 11:15:06,212 [INFO] Epoch 25/100 — loss: 2.3028  train_acc: 0.0968  test_acc: 0.0850
2026-05-11 11:21:44,229 [INFO] Epoch 26/100 — loss: 2.3027  train_acc: 0.0985  test_acc: 0.0850
2026-05-11 11:28:21,985 [INFO] Epoch 27/100 — loss: 2.3028  train_acc: 0.1018  test_acc: 0.0850
2026-05-11 11:35:00,196 [INFO] Epoch 28/100 — loss: 2.3028  train_acc: 0.1016  test_acc: 0.0850
2026-05-11 11:41:38,524 [INFO] Epoch 29/100 — loss: 2.3028  train_acc: 0.0990  test_acc: 0.0850
2026-05-11 11:48:17,260 [INFO] Epoch 30/100 — loss: 2.3028  train_acc: 0.1016  test_acc: 0.0850
2026-05-11 11:54:55,206 [INFO] Epoch 31/100 — loss: 2.3028  train_acc: 0.0973  test_acc: 0.0850
2026-05-11 12:01:33,420 [INFO] Epoch 32/100 — loss: 2.3028  train_acc: 0.0968  test_acc: 0.0850
2026-05-11 12:08:11,792 [INFO] Epoch 33/100 — loss: 2.3028  train_acc: 0.0984  test_acc: 0.0850
2026-05-11 12:14:50,050 [INFO] Epoch 34/100 — loss: 2.3028  train_acc: 0.1008  test_acc: 0.0850
2026-05-11 12:21:28,483 [INFO] Epoch 35/100 — loss: 2.3028  train_acc: 0.1013  test_acc: 0.0850
2026-05-11 12:28:07,040 [INFO] Epoch 36/100 — loss: 2.3028  train_acc: 0.0982  test_acc: 0.0850
2026-05-11 12:34:46,404 [INFO] Epoch 37/100 — loss: 2.3028  train_acc: 0.1016  test_acc: 0.0850
2026-05-11 12:41:26,153 [INFO] Epoch 38/100 — loss: 2.3028  train_acc: 0.1016  test_acc: 0.0850
2026-05-11 12:48:09,138 [INFO] Epoch 39/100 — loss: 2.3028  train_acc: 0.0983  test_acc: 0.0850
2026-05-11 12:54:50,960 [INFO] Epoch 40/100 — loss: 2.3028  train_acc: 0.1015  test_acc: 0.0850
2026-05-11 13:01:30,041 [INFO] Epoch 41/100 — loss: 2.3028  train_acc: 0.1016  test_acc: 0.0850
2026-05-11 13:08:08,905 [INFO] Epoch 42/100 — loss: 2.3028  train_acc: 0.0934  test_acc: 0.0850
2026-05-11 13:14:47,816 [INFO] Epoch 43/100 — loss: 2.3028  train_acc: 0.0992  test_acc: 0.0850
2026-05-11 13:21:26,605 [INFO] Epoch 44/100 — loss: 2.3028  train_acc: 0.0995  test_acc: 0.0950
2026-05-11 13:28:05,536 [INFO] Epoch 45/100 — loss: 2.3028  train_acc: 0.0971  test_acc: 0.0850
2026-05-11 13:34:44,123 [INFO] Epoch 46/100 — loss: 2.3028  train_acc: 0.0990  test_acc: 0.0850
2026-05-11 13:41:22,639 [INFO] Epoch 47/100 — loss: 2.3028  train_acc: 0.0956  test_acc: 0.0850
2026-05-11 13:48:01,188 [INFO] Epoch 48/100 — loss: 2.3028  train_acc: 0.0985  test_acc: 0.0850
2026-05-11 13:54:40,468 [INFO] Epoch 49/100 — loss: 2.3028  train_acc: 0.0998  test_acc: 0.0850
2026-05-11 14:01:20,368 [INFO] Epoch 50/100 — loss: 2.3028  train_acc: 0.0990  test_acc: 0.0850
2026-05-11 14:07:58,767 [INFO] Epoch 51/100 — loss: 2.3028  train_acc: 0.1002  test_acc: 0.0850
2026-05-11 14:14:37,520 [INFO] Epoch 52/100 — loss: 2.3028  train_acc: 0.0995  test_acc: 0.0850
2026-05-11 14:21:16,375 [INFO] Epoch 53/100 — loss: 2.3028  train_acc: 0.1018  test_acc: 0.0850
2026-05-11 14:27:54,966 [INFO] Epoch 54/100 — loss: 2.3028  train_acc: 0.0958  test_acc: 0.0850
2026-05-11 14:34:33,335 [INFO] Epoch 55/100 — loss: 2.3027  train_acc: 0.1001  test_acc: 0.0850
2026-05-11 14:41:11,691 [INFO] Epoch 56/100 — loss: 2.3028  train_acc: 0.0999  test_acc: 0.0850
2026-05-11 14:47:50,086 [INFO] Epoch 57/100 — loss: 2.3028  train_acc: 0.1018  test_acc: 0.0850
2026-05-11 14:54:28,258 [INFO] Epoch 58/100 — loss: 2.3028  train_acc: 0.0986  test_acc: 0.0850
2026-05-11 15:01:06,493 [INFO] Epoch 59/100 — loss: 2.3028  train_acc: 0.1016  test_acc: 0.0850
slurmstepd: error: *** JOB 1714300 ON compute-5-11 CANCELLED AT 2026-05-11T15:03:20 ***
