INFO:    squashfuse not found, will not be able to mount SIF or other squashfs files
INFO:    gocryptfs not found, will not be able to use gocryptfs
INFO:    Converting SIF file to temporary sandbox...
2026-05-11 08:29:39,728 [INFO] Loading experiments from: config/paper/vgg9/bptt_otttnet_dvsgesture.yaml
2026-05-11 08:29:39,801 [INFO] Built 1 experiment specs from custom config.
2026-05-11 08:29:39,801 [INFO] Found 1 experiment(s) to run.
2026-05-11 08:29:39,839 [INFO] Campaign output: experiments/paper_vgg9_bptt_otttnet_dvsgesture
2026-05-11 08:29:39,877 [INFO] Terminal stdout log: experiments/paper_vgg9_bptt_otttnet_dvsgesture/terminal_stdout.log
2026-05-11 08:29:39,877 [INFO] Terminal stderr log: experiments/paper_vgg9_bptt_otttnet_dvsgesture/terminal_stderr.log
2026-05-11 08:29:39,877 [INFO] Combined terminal log: experiments/paper_vgg9_bptt_otttnet_dvsgesture/terminal.log
2026-05-11 08:29:39,891 [INFO] [1/1] Running: bptt_otttnet_dvsgesture  (trainer=bptt, model=vgg9, dataset=dvsgesture)
2026-05-11 08:29:41,887 [INFO] Starting experiment: bptt_otttnet_dvsgesture
2026-05-11 08:29:42,092 [INFO] Using device: cuda
2026-05-11 08:29:42,093 [INFO] Loading dataset: dvsgesture (T=20, batch=32)
2026-05-11 08:29:42,464 [INFO] Building network: vgg9
2026-05-11 08:29:42,670 [INFO] Building trainer: bptt
2026-05-11 08:29:42,671 [INFO] Training for 100 epochs...
2026-05-11 08:31:27,024 [INFO] Epoch 1/100 — loss: 2.3898  train_acc: 0.0777  test_acc: 0.0909
2026-05-11 08:33:11,556 [INFO] Epoch 2/100 — loss: 2.3980  train_acc: 0.0795  test_acc: 0.0909
2026-05-11 08:34:56,085 [INFO] Epoch 3/100 — loss: 2.3981  train_acc: 0.0786  test_acc: 0.0909
2026-05-11 08:36:38,610 [INFO] Epoch 4/100 — loss: 2.3981  train_acc: 0.0710  test_acc: 0.0909
2026-05-11 08:38:21,215 [INFO] Epoch 5/100 — loss: 2.3980  train_acc: 0.0928  test_acc: 0.0909
2026-05-11 08:40:03,112 [INFO] Epoch 6/100 — loss: 2.3981  train_acc: 0.0909  test_acc: 0.0909
2026-05-11 08:41:44,445 [INFO] Epoch 7/100 — loss: 2.3980  train_acc: 0.0824  test_acc: 0.0909
2026-05-11 08:43:26,208 [INFO] Epoch 8/100 — loss: 2.3981  train_acc: 0.0928  test_acc: 0.0909
2026-05-11 08:45:07,570 [INFO] Epoch 9/100 — loss: 2.3981  train_acc: 0.0890  test_acc: 0.0909
2026-05-11 08:46:50,118 [INFO] Epoch 10/100 — loss: 2.3980  train_acc: 0.0824  test_acc: 0.0909
2026-05-11 08:48:32,617 [INFO] Epoch 11/100 — loss: 2.3982  train_acc: 0.0862  test_acc: 0.0909
2026-05-11 08:50:14,202 [INFO] Epoch 12/100 — loss: 2.3980  train_acc: 0.0814  test_acc: 0.0909
2026-05-11 08:51:55,658 [INFO] Epoch 13/100 — loss: 2.3981  train_acc: 0.0852  test_acc: 0.0909
2026-05-11 08:53:37,554 [INFO] Epoch 14/100 — loss: 2.3980  train_acc: 0.0881  test_acc: 0.0909
2026-05-11 08:55:20,299 [INFO] Epoch 15/100 — loss: 2.3981  train_acc: 0.0843  test_acc: 0.0909
2026-05-11 08:57:01,704 [INFO] Epoch 16/100 — loss: 2.3981  train_acc: 0.0777  test_acc: 0.0909
2026-05-11 08:58:43,174 [INFO] Epoch 17/100 — loss: 2.3980  train_acc: 0.0919  test_acc: 0.0909
2026-05-11 09:00:24,528 [INFO] Epoch 18/100 — loss: 2.3980  train_acc: 0.0852  test_acc: 0.0909
2026-05-11 09:02:05,638 [INFO] Epoch 19/100 — loss: 2.3981  train_acc: 0.0814  test_acc: 0.0909
2026-05-11 09:03:47,607 [INFO] Epoch 20/100 — loss: 2.3981  train_acc: 0.0777  test_acc: 0.0909
2026-05-11 09:05:29,060 [INFO] Epoch 21/100 — loss: 2.3981  train_acc: 0.0909  test_acc: 0.0909
2026-05-11 09:07:10,812 [INFO] Epoch 22/100 — loss: 2.3980  train_acc: 0.0767  test_acc: 0.0909
2026-05-11 09:08:51,861 [INFO] Epoch 23/100 — loss: 2.3980  train_acc: 0.0795  test_acc: 0.0909
2026-05-11 09:10:33,635 [INFO] Epoch 24/100 — loss: 2.3980  train_acc: 0.0871  test_acc: 0.0909
2026-05-11 09:12:15,201 [INFO] Epoch 25/100 — loss: 2.3981  train_acc: 0.0691  test_acc: 0.0909
2026-05-11 09:13:56,435 [INFO] Epoch 26/100 — loss: 2.3980  train_acc: 0.0748  test_acc: 0.0909
2026-05-11 09:15:38,017 [INFO] Epoch 27/100 — loss: 2.3980  train_acc: 0.0919  test_acc: 0.0909
2026-05-11 09:17:19,769 [INFO] Epoch 28/100 — loss: 2.3981  train_acc: 0.0862  test_acc: 0.0909
2026-05-11 09:19:01,107 [INFO] Epoch 29/100 — loss: 2.3980  train_acc: 0.0786  test_acc: 0.0909
2026-05-11 09:20:43,025 [INFO] Epoch 30/100 — loss: 2.3980  train_acc: 0.0871  test_acc: 0.0909
2026-05-11 09:22:24,320 [INFO] Epoch 31/100 — loss: 2.3981  train_acc: 0.0890  test_acc: 0.0909
2026-05-11 09:24:05,568 [INFO] Epoch 32/100 — loss: 2.3981  train_acc: 0.0833  test_acc: 0.0909
2026-05-11 09:25:47,028 [INFO] Epoch 33/100 — loss: 2.3980  train_acc: 0.0909  test_acc: 0.0909
2026-05-11 09:27:28,780 [INFO] Epoch 34/100 — loss: 2.3981  train_acc: 0.0824  test_acc: 0.0909
2026-05-11 09:29:10,418 [INFO] Epoch 35/100 — loss: 2.3980  train_acc: 0.0852  test_acc: 0.0909
2026-05-11 09:30:53,865 [INFO] Epoch 36/100 — loss: 2.3981  train_acc: 0.0701  test_acc: 0.0909
2026-05-11 09:32:35,125 [INFO] Epoch 37/100 — loss: 2.3981  train_acc: 0.0900  test_acc: 0.0909
2026-05-11 09:34:16,833 [INFO] Epoch 38/100 — loss: 2.3980  train_acc: 0.0890  test_acc: 0.0909
2026-05-11 09:35:58,402 [INFO] Epoch 39/100 — loss: 2.3980  train_acc: 0.0881  test_acc: 0.0909
2026-05-11 09:37:39,650 [INFO] Epoch 40/100 — loss: 2.3981  train_acc: 0.0909  test_acc: 0.0909
2026-05-11 09:39:21,120 [INFO] Epoch 41/100 — loss: 2.3981  train_acc: 0.0758  test_acc: 0.0909
2026-05-11 09:41:02,417 [INFO] Epoch 42/100 — loss: 2.3980  train_acc: 0.0824  test_acc: 0.0909
2026-05-11 09:42:43,742 [INFO] Epoch 43/100 — loss: 2.3981  train_acc: 0.0795  test_acc: 0.0909
2026-05-11 09:44:24,981 [INFO] Epoch 44/100 — loss: 2.3980  train_acc: 0.0881  test_acc: 0.0909
2026-05-11 09:46:06,522 [INFO] Epoch 45/100 — loss: 2.3980  train_acc: 0.0795  test_acc: 0.0909
2026-05-11 09:47:48,069 [INFO] Epoch 46/100 — loss: 2.3980  train_acc: 0.0833  test_acc: 0.0909
2026-05-11 09:49:29,161 [INFO] Epoch 47/100 — loss: 2.3981  train_acc: 0.0919  test_acc: 0.0909
2026-05-11 09:51:10,717 [INFO] Epoch 48/100 — loss: 2.3981  train_acc: 0.0909  test_acc: 0.0909
2026-05-11 09:52:51,554 [INFO] Epoch 49/100 — loss: 2.3981  train_acc: 0.0795  test_acc: 0.0909
2026-05-11 09:54:32,982 [INFO] Epoch 50/100 — loss: 2.3981  train_acc: 0.0871  test_acc: 0.0909
2026-05-11 09:56:14,285 [INFO] Epoch 51/100 — loss: 2.3980  train_acc: 0.0833  test_acc: 0.0909
2026-05-11 09:57:56,015 [INFO] Epoch 52/100 — loss: 2.3980  train_acc: 0.0814  test_acc: 0.0909
2026-05-11 09:59:37,357 [INFO] Epoch 53/100 — loss: 2.3981  train_acc: 0.0824  test_acc: 0.0909
2026-05-11 10:01:18,495 [INFO] Epoch 54/100 — loss: 2.3980  train_acc: 0.0814  test_acc: 0.0909
2026-05-11 10:03:01,061 [INFO] Epoch 55/100 — loss: 2.3980  train_acc: 0.0824  test_acc: 0.0909
2026-05-11 10:04:42,307 [INFO] Epoch 56/100 — loss: 2.3980  train_acc: 0.0881  test_acc: 0.0909
2026-05-11 10:06:23,534 [INFO] Epoch 57/100 — loss: 2.3981  train_acc: 0.0701  test_acc: 0.0909
2026-05-11 10:08:04,831 [INFO] Epoch 58/100 — loss: 2.3980  train_acc: 0.0919  test_acc: 0.0909
2026-05-11 10:09:46,320 [INFO] Epoch 59/100 — loss: 2.3982  train_acc: 0.0691  test_acc: 0.0909
2026-05-11 10:11:27,809 [INFO] Epoch 60/100 — loss: 2.3980  train_acc: 0.0833  test_acc: 0.0909
2026-05-11 10:13:09,028 [INFO] Epoch 61/100 — loss: 2.3980  train_acc: 0.0833  test_acc: 0.0909
2026-05-11 10:14:50,224 [INFO] Epoch 62/100 — loss: 2.3981  train_acc: 0.0701  test_acc: 0.0909
2026-05-11 10:16:31,766 [INFO] Epoch 63/100 — loss: 2.3981  train_acc: 0.0938  test_acc: 0.0909
2026-05-11 10:18:13,517 [INFO] Epoch 64/100 — loss: 2.3980  train_acc: 0.0824  test_acc: 0.0909
2026-05-11 10:19:55,357 [INFO] Epoch 65/100 — loss: 2.3980  train_acc: 0.0843  test_acc: 0.0909
2026-05-11 10:21:37,157 [INFO] Epoch 66/100 — loss: 2.3981  train_acc: 0.0739  test_acc: 0.0909
2026-05-11 10:23:18,489 [INFO] Epoch 67/100 — loss: 2.3980  train_acc: 0.0777  test_acc: 0.0909
2026-05-11 10:24:59,926 [INFO] Epoch 68/100 — loss: 2.3981  train_acc: 0.0748  test_acc: 0.0909
2026-05-11 10:26:40,677 [INFO] Epoch 69/100 — loss: 2.3981  train_acc: 0.0729  test_acc: 0.0909
2026-05-11 10:28:21,985 [INFO] Epoch 70/100 — loss: 2.3980  train_acc: 0.0900  test_acc: 0.0909
2026-05-11 10:30:04,379 [INFO] Epoch 71/100 — loss: 2.3981  train_acc: 0.0852  test_acc: 0.0909
2026-05-11 10:31:45,774 [INFO] Epoch 72/100 — loss: 2.3980  train_acc: 0.0795  test_acc: 0.0909
2026-05-11 10:33:27,092 [INFO] Epoch 73/100 — loss: 2.3981  train_acc: 0.0777  test_acc: 0.0909
2026-05-11 10:35:08,593 [INFO] Epoch 74/100 — loss: 2.3981  train_acc: 0.0843  test_acc: 0.0909
2026-05-11 10:36:51,366 [INFO] Epoch 75/100 — loss: 2.3980  train_acc: 0.0691  test_acc: 0.0909
2026-05-11 10:38:32,544 [INFO] Epoch 76/100 — loss: 2.3980  train_acc: 0.0843  test_acc: 0.0909
2026-05-11 10:40:14,127 [INFO] Epoch 77/100 — loss: 2.3981  train_acc: 0.0843  test_acc: 0.0909
2026-05-11 10:41:55,771 [INFO] Epoch 78/100 — loss: 2.3981  train_acc: 0.0805  test_acc: 0.0909
2026-05-11 10:43:37,972 [INFO] Epoch 79/100 — loss: 2.3981  train_acc: 0.0786  test_acc: 0.0909
2026-05-11 10:45:19,169 [INFO] Epoch 80/100 — loss: 2.3981  train_acc: 0.0720  test_acc: 0.0909
2026-05-11 10:47:00,551 [INFO] Epoch 81/100 — loss: 2.3980  train_acc: 0.0691  test_acc: 0.0909
2026-05-11 10:48:41,586 [INFO] Epoch 82/100 — loss: 2.3980  train_acc: 0.0739  test_acc: 0.0909
2026-05-11 10:50:22,977 [INFO] Epoch 83/100 — loss: 2.3981  train_acc: 0.0824  test_acc: 0.0909
2026-05-11 10:52:05,015 [INFO] Epoch 84/100 — loss: 2.3980  train_acc: 0.0833  test_acc: 0.0909
2026-05-11 10:53:46,432 [INFO] Epoch 85/100 — loss: 2.3981  train_acc: 0.0843  test_acc: 0.0909
2026-05-11 10:55:28,061 [INFO] Epoch 86/100 — loss: 2.3980  train_acc: 0.0786  test_acc: 0.0909
2026-05-11 10:57:09,650 [INFO] Epoch 87/100 — loss: 2.3980  train_acc: 0.0748  test_acc: 0.0909
2026-05-11 10:58:51,467 [INFO] Epoch 88/100 — loss: 2.3981  train_acc: 0.0748  test_acc: 0.0909
2026-05-11 11:00:33,521 [INFO] Epoch 89/100 — loss: 2.3980  train_acc: 0.0748  test_acc: 0.0909
2026-05-11 11:02:14,893 [INFO] Epoch 90/100 — loss: 2.3980  train_acc: 0.0824  test_acc: 0.0909
2026-05-11 11:03:56,538 [INFO] Epoch 91/100 — loss: 2.3980  train_acc: 0.0805  test_acc: 0.0909
2026-05-11 11:05:37,757 [INFO] Epoch 92/100 — loss: 2.3981  train_acc: 0.0748  test_acc: 0.0909
2026-05-11 11:07:20,379 [INFO] Epoch 93/100 — loss: 2.3980  train_acc: 0.0786  test_acc: 0.0909
2026-05-11 11:09:02,311 [INFO] Epoch 94/100 — loss: 2.3980  train_acc: 0.0777  test_acc: 0.0909
2026-05-11 11:10:43,147 [INFO] Epoch 95/100 — loss: 2.3981  train_acc: 0.0777  test_acc: 0.0909
2026-05-11 11:12:24,473 [INFO] Epoch 96/100 — loss: 2.3980  train_acc: 0.0795  test_acc: 0.0909
2026-05-11 11:14:05,755 [INFO] Epoch 97/100 — loss: 2.3980  train_acc: 0.0786  test_acc: 0.0909
2026-05-11 11:15:47,246 [INFO] Epoch 98/100 — loss: 2.3981  train_acc: 0.0862  test_acc: 0.0909
2026-05-11 11:17:28,957 [INFO] Epoch 99/100 — loss: 2.3981  train_acc: 0.0767  test_acc: 0.0909
2026-05-11 11:19:11,835 [INFO] Epoch 100/100 — loss: 2.3981  train_acc: 0.0890  test_acc: 0.0909
2026-05-11 11:19:11,836 [INFO] Training done in 10169.2 s. Final test accuracy: 0.0909
2026-05-11 11:19:11,836 [INFO] Running NeuroBench evaluation...
  0%|          | 0/9 [00:00<?, ?it/s]  0%|          | 0/9 [00:02<?, ?it/s]
2026-05-11 11:19:14,253 [WARNING] NeuroBench evaluation failed: CUDA out of memory. Tried to allocate 128.00 MiB. GPU 0 has a total capacity of 44.43 GiB of which 68.00 MiB is free. Including non-PyTorch memory, this process has 44.36 GiB memory in use. Of the allocated memory 43.98 GiB is allocated by PyTorch, and 61.08 MiB is reserved by PyTorch but unallocated. If reserved but unallocated memory is large try setting PYTORCH_ALLOC_CONF=expandable_segments:True to avoid fragmentation.  See documentation for Memory Management  (https://pytorch.org/docs/stable/notes/cuda.html#environment-variables)
2026-05-11 11:19:15,502 [INFO] Results written to: experiments/paper_vgg9_bptt_otttnet_dvsgesture/experiments/bptt_otttnet_dvsgesture
2026-05-11 11:19:15,512 [INFO] Summary updated (1/1): experiments/paper_vgg9_bptt_otttnet_dvsgesture/summary.csv
2026-05-11 11:19:15,519 [INFO] Summary written to: experiments/paper_vgg9_bptt_otttnet_dvsgesture/summary.csv
INFO:    Cleaning up image...
