INFO:    squashfuse not found, will not be able to mount SIF or other squashfs files
INFO:    gocryptfs not found, will not be able to use gocryptfs
INFO:    Converting SIF file to temporary sandbox...
2026-05-11 14:35:56,939 [INFO] Loading experiments from: config/paper/vgg9/tp_otttnet_dvsgesture.yaml
2026-05-11 14:35:56,971 [INFO] Built 1 experiment specs from custom config.
2026-05-11 14:35:56,971 [INFO] Found 1 experiment(s) to run.
2026-05-11 14:35:56,982 [INFO] Campaign output: experiments/paper_vgg9_tp_otttnet_dvsgesture
2026-05-11 14:35:56,991 [INFO] Terminal stdout log: experiments/paper_vgg9_tp_otttnet_dvsgesture/terminal_stdout.log
2026-05-11 14:35:56,991 [INFO] Terminal stderr log: experiments/paper_vgg9_tp_otttnet_dvsgesture/terminal_stderr.log
2026-05-11 14:35:56,991 [INFO] Combined terminal log: experiments/paper_vgg9_tp_otttnet_dvsgesture/terminal.log
2026-05-11 14:35:56,994 [INFO] [1/1] Running: tp_otttnet_dvsgesture_opt  (trainer=tp, model=vgg9, dataset=dvsgesture)
2026-05-11 14:35:58,681 [INFO] Starting experiment: tp_otttnet_dvsgesture_opt
2026-05-11 14:35:58,880 [INFO] Using device: cuda
2026-05-11 14:35:58,880 [INFO] Loading dataset: dvsgesture (T=20, batch=32)
2026-05-11 14:35:59,109 [INFO] Building network: vgg9
2026-05-11 14:35:59,310 [INFO] Building trainer: tp
2026-05-11 14:35:59,554 [INFO] Training for 100 epochs...
2026-05-11 14:39:07,754 [INFO] Epoch 1/100 — loss: 2.0141  train_acc: 0.2803  test_acc: 0.3258
2026-05-11 14:42:16,566 [INFO] Epoch 2/100 — loss: 1.8414  train_acc: 0.4025  test_acc: 0.2765
2026-05-11 14:45:24,473 [INFO] Epoch 3/100 — loss: 3.3810  train_acc: 0.3447  test_acc: 0.2008
2026-05-11 14:48:31,861 [INFO] Epoch 4/100 — loss: 9.5129  train_acc: 0.3144  test_acc: 0.0909
2026-05-11 14:51:39,651 [INFO] Epoch 5/100 — loss: 10.3123  train_acc: 0.2794  test_acc: 0.0985
2026-05-11 14:54:48,275 [INFO] Epoch 6/100 — loss: 5.7757  train_acc: 0.2273  test_acc: 0.2424
2026-05-11 14:57:55,347 [INFO] Epoch 7/100 — loss: 5.3417  train_acc: 0.2557  test_acc: 0.2045
2026-05-11 15:01:03,223 [INFO] Epoch 8/100 — loss: 4.2691  train_acc: 0.3646  test_acc: 0.5076
2026-05-11 15:04:10,166 [INFO] Epoch 9/100 — loss: 2.9099  train_acc: 0.4347  test_acc: 0.3030
2026-05-11 15:07:17,747 [INFO] Epoch 10/100 — loss: 1.5425  train_acc: 0.5085  test_acc: 0.4470
2026-05-11 15:10:25,804 [INFO] Epoch 11/100 — loss: 1.1711  train_acc: 0.6259  test_acc: 0.4583
2026-05-11 15:13:34,111 [INFO] Epoch 12/100 — loss: 1.7478  train_acc: 0.5123  test_acc: 0.4962
2026-05-11 15:16:42,456 [INFO] Epoch 13/100 — loss: 1.3031  train_acc: 0.5748  test_acc: 0.5985
2026-05-11 15:19:49,957 [INFO] Epoch 14/100 — loss: 0.8030  train_acc: 0.7254  test_acc: 0.7311
2026-05-11 15:22:57,083 [INFO] Epoch 15/100 — loss: 0.7350  train_acc: 0.7557  test_acc: 0.7235
2026-05-11 15:26:04,813 [INFO] Epoch 16/100 — loss: 0.7916  train_acc: 0.7746  test_acc: 0.6212
2026-05-11 15:29:11,731 [INFO] Epoch 17/100 — loss: 1.1249  train_acc: 0.7614  test_acc: 0.8030
2026-05-11 15:32:18,819 [INFO] Epoch 18/100 — loss: 0.7746  train_acc: 0.8125  test_acc: 0.8371
2026-05-11 15:35:26,188 [INFO] Epoch 19/100 — loss: 0.7801  train_acc: 0.8220  test_acc: 0.6553
2026-05-11 15:38:34,218 [INFO] Epoch 20/100 — loss: 0.5713  train_acc: 0.8504  test_acc: 0.7652
2026-05-11 15:41:41,326 [INFO] Epoch 21/100 — loss: 0.6352  train_acc: 0.8589  test_acc: 0.7424
2026-05-11 15:44:48,744 [INFO] Epoch 22/100 — loss: 0.5559  train_acc: 0.8580  test_acc: 0.7462
2026-05-11 15:47:56,165 [INFO] Epoch 23/100 — loss: 0.5343  train_acc: 0.8646  test_acc: 0.7955
2026-05-11 15:51:03,921 [INFO] Epoch 24/100 — loss: 0.4815  train_acc: 0.8826  test_acc: 0.7803
2026-05-11 15:54:11,602 [INFO] Epoch 25/100 — loss: 0.4853  train_acc: 0.8835  test_acc: 0.8182
2026-05-11 15:57:18,894 [INFO] Epoch 26/100 — loss: 0.4791  train_acc: 0.8835  test_acc: 0.7955
2026-05-11 16:00:25,887 [INFO] Epoch 27/100 — loss: 0.5527  train_acc: 0.8788  test_acc: 0.7311
2026-05-11 16:03:32,985 [INFO] Epoch 28/100 — loss: 0.4088  train_acc: 0.9053  test_acc: 0.8447
2026-05-11 16:06:40,345 [INFO] Epoch 29/100 — loss: 0.4194  train_acc: 0.8939  test_acc: 0.7538
2026-05-11 16:09:47,721 [INFO] Epoch 30/100 — loss: 0.3924  train_acc: 0.9072  test_acc: 0.8788
2026-05-11 16:12:55,244 [INFO] Epoch 31/100 — loss: 0.4485  train_acc: 0.9129  test_acc: 0.8258
2026-05-11 16:16:02,947 [INFO] Epoch 32/100 — loss: 0.4121  train_acc: 0.9129  test_acc: 0.8409
2026-05-11 16:19:11,372 [INFO] Epoch 33/100 — loss: 0.4864  train_acc: 0.8968  test_acc: 0.7879
2026-05-11 16:22:19,414 [INFO] Epoch 34/100 — loss: 0.2808  train_acc: 0.9252  test_acc: 0.7727
2026-05-11 16:25:27,134 [INFO] Epoch 35/100 — loss: 0.4301  train_acc: 0.9138  test_acc: 0.7159
2026-05-11 16:28:35,913 [INFO] Epoch 36/100 — loss: 0.2607  train_acc: 0.9375  test_acc: 0.7538
2026-05-11 16:31:43,469 [INFO] Epoch 37/100 — loss: 0.3387  train_acc: 0.9394  test_acc: 0.8106
2026-05-11 16:34:51,467 [INFO] Epoch 38/100 — loss: 0.3741  train_acc: 0.9242  test_acc: 0.8636
2026-05-11 16:37:58,557 [INFO] Epoch 39/100 — loss: 0.2718  train_acc: 0.9356  test_acc: 0.8030
2026-05-11 16:41:06,377 [INFO] Epoch 40/100 — loss: 0.2172  train_acc: 0.9583  test_acc: 0.7917
2026-05-11 16:44:15,336 [INFO] Epoch 41/100 — loss: 0.3104  train_acc: 0.9413  test_acc: 0.5265
2026-05-11 16:47:22,615 [INFO] Epoch 42/100 — loss: 0.3204  train_acc: 0.9356  test_acc: 0.7008
2026-05-11 16:50:30,668 [INFO] Epoch 43/100 — loss: 0.2313  train_acc: 0.9621  test_acc: 0.7462
2026-05-11 16:53:38,311 [INFO] Epoch 44/100 — loss: 0.1666  train_acc: 0.9669  test_acc: 0.8598
2026-05-11 16:56:46,747 [INFO] Epoch 45/100 — loss: 0.2500  train_acc: 0.9517  test_acc: 0.8182
2026-05-11 16:59:54,718 [INFO] Epoch 46/100 — loss: 0.1307  train_acc: 0.9659  test_acc: 0.7955
2026-05-11 17:03:01,900 [INFO] Epoch 47/100 — loss: 0.1493  train_acc: 0.9688  test_acc: 0.7538
2026-05-11 17:06:09,146 [INFO] Epoch 48/100 — loss: 0.2663  train_acc: 0.9593  test_acc: 0.8523
2026-05-11 17:09:16,285 [INFO] Epoch 49/100 — loss: 0.2193  train_acc: 0.9631  test_acc: 0.8447
2026-05-11 17:12:25,696 [INFO] Epoch 50/100 — loss: 0.2201  train_acc: 0.9631  test_acc: 0.8523
2026-05-11 17:15:33,032 [INFO] Epoch 51/100 — loss: 0.1419  train_acc: 0.9744  test_acc: 0.7614
2026-05-11 17:18:40,499 [INFO] Epoch 52/100 — loss: 0.1465  train_acc: 0.9735  test_acc: 0.8447
2026-05-11 17:21:47,937 [INFO] Epoch 53/100 — loss: 0.0944  train_acc: 0.9848  test_acc: 0.7538
2026-05-11 17:24:57,701 [INFO] Epoch 54/100 — loss: 0.1586  train_acc: 0.9706  test_acc: 0.8371
2026-05-11 17:28:06,475 [INFO] Epoch 55/100 — loss: 0.1102  train_acc: 0.9754  test_acc: 0.8333
2026-05-11 17:31:14,434 [INFO] Epoch 56/100 — loss: 0.0785  train_acc: 0.9848  test_acc: 0.8371
2026-05-11 17:34:22,531 [INFO] Epoch 57/100 — loss: 0.1474  train_acc: 0.9801  test_acc: 0.8674
2026-05-11 17:37:29,905 [INFO] Epoch 58/100 — loss: 0.0691  train_acc: 0.9867  test_acc: 0.8523
2026-05-11 17:40:37,750 [INFO] Epoch 59/100 — loss: 0.0858  train_acc: 0.9867  test_acc: 0.8333
2026-05-11 17:43:47,889 [INFO] Epoch 60/100 — loss: 0.1360  train_acc: 0.9792  test_acc: 0.9015
2026-05-11 17:46:55,706 [INFO] Epoch 61/100 — loss: 0.0350  train_acc: 0.9934  test_acc: 0.9356
2026-05-11 17:50:05,812 [INFO] Epoch 62/100 — loss: 0.0731  train_acc: 0.9915  test_acc: 0.8902
2026-05-11 17:53:14,170 [INFO] Epoch 63/100 — loss: 0.0465  train_acc: 0.9924  test_acc: 0.8902
2026-05-11 17:56:21,171 [INFO] Epoch 64/100 — loss: 0.0301  train_acc: 0.9877  test_acc: 0.9053
2026-05-11 17:59:29,544 [INFO] Epoch 65/100 — loss: 0.0330  train_acc: 0.9924  test_acc: 0.8523
2026-05-11 18:02:39,227 [INFO] Epoch 66/100 — loss: 0.0535  train_acc: 0.9877  test_acc: 0.8864
2026-05-11 18:05:48,605 [INFO] Epoch 67/100 — loss: 0.0331  train_acc: 0.9905  test_acc: 0.8864
2026-05-11 18:08:57,038 [INFO] Epoch 68/100 — loss: 0.0325  train_acc: 0.9953  test_acc: 0.8788
2026-05-11 18:12:04,899 [INFO] Epoch 69/100 — loss: 0.1053  train_acc: 0.9839  test_acc: 0.8447
2026-05-11 18:15:12,772 [INFO] Epoch 70/100 — loss: 0.0238  train_acc: 0.9934  test_acc: 0.9015
2026-05-11 18:18:21,353 [INFO] Epoch 71/100 — loss: 0.0381  train_acc: 0.9915  test_acc: 0.9129
2026-05-11 18:21:28,704 [INFO] Epoch 72/100 — loss: 0.0193  train_acc: 0.9953  test_acc: 0.9053
2026-05-11 18:24:36,708 [INFO] Epoch 73/100 — loss: 0.0373  train_acc: 0.9915  test_acc: 0.9053
2026-05-11 18:27:45,211 [INFO] Epoch 74/100 — loss: 0.0205  train_acc: 0.9962  test_acc: 0.9318
2026-05-11 18:30:52,794 [INFO] Epoch 75/100 — loss: 0.0632  train_acc: 0.9943  test_acc: 0.9091
2026-05-11 18:34:01,042 [INFO] Epoch 76/100 — loss: 0.0600  train_acc: 0.9886  test_acc: 0.9091
2026-05-11 18:37:08,912 [INFO] Epoch 77/100 — loss: 0.0230  train_acc: 0.9962  test_acc: 0.9318
2026-05-11 18:40:16,849 [INFO] Epoch 78/100 — loss: 0.0185  train_acc: 0.9953  test_acc: 0.9318
2026-05-11 18:43:24,974 [INFO] Epoch 79/100 — loss: 0.0185  train_acc: 0.9953  test_acc: 0.9167
2026-05-11 18:46:33,070 [INFO] Epoch 80/100 — loss: 0.0008  train_acc: 1.0000  test_acc: 0.9242
2026-05-11 18:49:42,206 [INFO] Epoch 81/100 — loss: 0.0145  train_acc: 0.9972  test_acc: 0.9394
2026-05-11 18:52:52,028 [INFO] Epoch 82/100 — loss: 0.0027  train_acc: 0.9991  test_acc: 0.9242
2026-05-11 18:56:00,166 [INFO] Epoch 83/100 — loss: 0.0000  train_acc: 1.0000  test_acc: 0.9167
2026-05-11 18:59:09,648 [INFO] Epoch 84/100 — loss: 0.0280  train_acc: 0.9972  test_acc: 0.9091
2026-05-11 19:02:18,392 [INFO] Epoch 85/100 — loss: 0.0116  train_acc: 0.9972  test_acc: 0.8939
2026-05-11 19:05:26,380 [INFO] Epoch 86/100 — loss: 0.0151  train_acc: 0.9972  test_acc: 0.9091
2026-05-11 19:08:34,808 [INFO] Epoch 87/100 — loss: 0.0534  train_acc: 0.9924  test_acc: 0.8674
2026-05-11 19:11:44,345 [INFO] Epoch 88/100 — loss: 0.0033  train_acc: 0.9991  test_acc: 0.9129
2026-05-11 19:14:52,831 [INFO] Epoch 89/100 — loss: 0.0005  train_acc: 1.0000  test_acc: 0.8977
2026-05-11 19:18:00,520 [INFO] Epoch 90/100 — loss: 0.0040  train_acc: 0.9991  test_acc: 0.9129
2026-05-11 19:21:08,572 [INFO] Epoch 91/100 — loss: 0.0000  train_acc: 1.0000  test_acc: 0.9091
2026-05-11 19:24:16,384 [INFO] Epoch 92/100 — loss: 0.0267  train_acc: 0.9962  test_acc: 0.9015
2026-05-11 19:27:27,536 [INFO] Epoch 93/100 — loss: 0.0016  train_acc: 0.9991  test_acc: 0.9129
2026-05-11 19:30:35,173 [INFO] Epoch 94/100 — loss: 0.0016  train_acc: 0.9991  test_acc: 0.9205
2026-05-11 19:33:43,528 [INFO] Epoch 95/100 — loss: 0.0158  train_acc: 0.9981  test_acc: 0.9015
2026-05-11 19:36:52,214 [INFO] Epoch 96/100 — loss: 0.0477  train_acc: 0.9943  test_acc: 0.8977
2026-05-11 19:40:00,465 [INFO] Epoch 97/100 — loss: 0.0925  train_acc: 0.9934  test_acc: 0.9015
2026-05-11 19:43:09,219 [INFO] Epoch 98/100 — loss: 0.0038  train_acc: 0.9981  test_acc: 0.8977
2026-05-11 19:46:16,979 [INFO] Epoch 99/100 — loss: 0.0001  train_acc: 1.0000  test_acc: 0.9129
2026-05-11 19:49:24,407 [INFO] Epoch 100/100 — loss: 0.0034  train_acc: 0.9981  test_acc: 0.9167
2026-05-11 19:49:24,409 [INFO] Training done in 18804.9 s. Final test accuracy: 0.9167
2026-05-11 19:49:24,409 [INFO] Running NeuroBench evaluation...
  0%|          | 0/9 [00:00<?, ?it/s]  0%|          | 0/9 [00:02<?, ?it/s]
2026-05-11 19:49:27,019 [WARNING] NeuroBench evaluation failed: CUDA out of memory. Tried to allocate 128.00 MiB. GPU 0 has a total capacity of 44.43 GiB of which 128.00 MiB is free. Including non-PyTorch memory, this process has 44.30 GiB memory in use. Of the allocated memory 43.85 GiB is allocated by PyTorch, and 130.74 MiB is reserved by PyTorch but unallocated. If reserved but unallocated memory is large try setting PYTORCH_ALLOC_CONF=expandable_segments:True to avoid fragmentation.  See documentation for Memory Management  (https://pytorch.org/docs/stable/notes/cuda.html#environment-variables)
2026-05-11 19:49:28,446 [INFO] Results written to: experiments/paper_vgg9_tp_otttnet_dvsgesture/experiments/tp_otttnet_dvsgesture_opt
2026-05-11 19:49:28,456 [INFO] Summary updated (1/1): experiments/paper_vgg9_tp_otttnet_dvsgesture/summary.csv
2026-05-11 19:49:28,463 [INFO] Summary written to: experiments/paper_vgg9_tp_otttnet_dvsgesture/summary.csv
INFO:    Cleaning up image...
