INFO:    squashfuse not found, will not be able to mount SIF or other squashfs files
INFO:    gocryptfs not found, will not be able to use gocryptfs
INFO:    Converting SIF file to temporary sandbox...
2026-05-11 10:55:01,969 [INFO] Loading experiments from: config/paper/vgg9/tp_tpnet_dvsgesture.yaml
2026-05-11 10:55:01,998 [INFO] Built 1 experiment specs from custom config.
2026-05-11 10:55:01,999 [INFO] Found 1 experiment(s) to run.
2026-05-11 10:55:02,005 [INFO] Campaign output: experiments/paper_vgg9_tp_tpnet_dvsgesture
2026-05-11 10:55:02,012 [INFO] Terminal stdout log: experiments/paper_vgg9_tp_tpnet_dvsgesture/terminal_stdout.log
2026-05-11 10:55:02,012 [INFO] Terminal stderr log: experiments/paper_vgg9_tp_tpnet_dvsgesture/terminal_stderr.log
2026-05-11 10:55:02,012 [INFO] Combined terminal log: experiments/paper_vgg9_tp_tpnet_dvsgesture/terminal.log
2026-05-11 10:55:02,015 [INFO] [1/1] Running: tp_tpnet_dvsgesture_opt  (trainer=tp, model=vgg9, dataset=dvsgesture)
2026-05-11 10:55:03,715 [INFO] Starting experiment: tp_tpnet_dvsgesture_opt
2026-05-11 10:55:03,921 [INFO] Using device: cuda
2026-05-11 10:55:03,922 [INFO] Loading dataset: dvsgesture (T=20, batch=32)
2026-05-11 10:55:04,107 [INFO] Building network: vgg9
2026-05-11 10:55:04,306 [INFO] Building trainer: tp
2026-05-11 10:55:04,558 [INFO] Training for 100 epochs...
2026-05-11 10:58:10,849 [INFO] Epoch 1/100 — loss: 2.0742  train_acc: 0.3002  test_acc: 0.2917
2026-05-11 11:01:17,350 [INFO] Epoch 2/100 — loss: 1.6648  train_acc: 0.4233  test_acc: 0.4394
2026-05-11 11:04:23,839 [INFO] Epoch 3/100 — loss: 1.4269  train_acc: 0.5095  test_acc: 0.4205
2026-05-11 11:07:30,415 [INFO] Epoch 4/100 — loss: 6.6662  train_acc: 0.3314  test_acc: 0.2083
2026-05-11 11:10:36,562 [INFO] Epoch 5/100 — loss: 29.2426  train_acc: 0.2585  test_acc: 0.1932
2026-05-11 11:13:42,910 [INFO] Epoch 6/100 — loss: 8.4563  train_acc: 0.1856  test_acc: 0.1023
2026-05-11 11:16:49,196 [INFO] Epoch 7/100 — loss: 7.8176  train_acc: 0.2491  test_acc: 0.3447
2026-05-11 11:19:55,671 [INFO] Epoch 8/100 — loss: 4.5915  train_acc: 0.3939  test_acc: 0.4432
2026-05-11 11:23:02,230 [INFO] Epoch 9/100 — loss: 2.9321  train_acc: 0.4479  test_acc: 0.2311
2026-05-11 11:26:08,693 [INFO] Epoch 10/100 — loss: 2.2666  train_acc: 0.4536  test_acc: 0.3788
2026-05-11 11:29:15,224 [INFO] Epoch 11/100 — loss: 1.6346  train_acc: 0.5208  test_acc: 0.2197
2026-05-11 11:32:22,137 [INFO] Epoch 12/100 — loss: 1.7615  train_acc: 0.4602  test_acc: 0.5720
2026-05-11 11:35:28,739 [INFO] Epoch 13/100 — loss: 1.9675  train_acc: 0.5312  test_acc: 0.6212
2026-05-11 11:38:36,476 [INFO] Epoch 14/100 — loss: 1.0891  train_acc: 0.6714  test_acc: 0.5947
2026-05-11 11:41:43,449 [INFO] Epoch 15/100 — loss: 0.9723  train_acc: 0.7027  test_acc: 0.6970
2026-05-11 11:44:50,991 [INFO] Epoch 16/100 — loss: 1.0238  train_acc: 0.7169  test_acc: 0.7008
2026-05-11 11:47:58,198 [INFO] Epoch 17/100 — loss: 1.2342  train_acc: 0.7509  test_acc: 0.7500
2026-05-11 11:51:05,266 [INFO] Epoch 18/100 — loss: 0.9764  train_acc: 0.7301  test_acc: 0.5152
2026-05-11 11:54:13,740 [INFO] Epoch 19/100 — loss: 0.6657  train_acc: 0.8078  test_acc: 0.5985
2026-05-11 11:57:20,708 [INFO] Epoch 20/100 — loss: 0.6737  train_acc: 0.8144  test_acc: 0.6894
2026-05-11 12:00:27,801 [INFO] Epoch 21/100 — loss: 0.6195  train_acc: 0.8314  test_acc: 0.6402
2026-05-11 12:03:35,097 [INFO] Epoch 22/100 — loss: 0.6065  train_acc: 0.8314  test_acc: 0.7500
2026-05-11 12:06:42,452 [INFO] Epoch 23/100 — loss: 0.5832  train_acc: 0.8542  test_acc: 0.8447
2026-05-11 12:09:50,200 [INFO] Epoch 24/100 — loss: 0.5934  train_acc: 0.8561  test_acc: 0.7614
2026-05-11 12:12:57,590 [INFO] Epoch 25/100 — loss: 0.4882  train_acc: 0.8693  test_acc: 0.7538
2026-05-11 12:16:05,350 [INFO] Epoch 26/100 — loss: 0.5129  train_acc: 0.8826  test_acc: 0.7576
2026-05-11 12:19:13,758 [INFO] Epoch 27/100 — loss: 0.4063  train_acc: 0.8958  test_acc: 0.6402
2026-05-11 12:22:21,287 [INFO] Epoch 28/100 — loss: 0.4164  train_acc: 0.8958  test_acc: 0.7689
2026-05-11 12:25:31,153 [INFO] Epoch 29/100 — loss: 0.4694  train_acc: 0.8873  test_acc: 0.7879
2026-05-11 12:28:39,724 [INFO] Epoch 30/100 — loss: 0.3904  train_acc: 0.8968  test_acc: 0.7614
2026-05-11 12:31:52,030 [INFO] Epoch 31/100 — loss: 0.4023  train_acc: 0.9176  test_acc: 0.8447
2026-05-11 12:35:04,546 [INFO] Epoch 32/100 — loss: 0.4671  train_acc: 0.9129  test_acc: 0.8144
2026-05-11 12:38:12,176 [INFO] Epoch 33/100 — loss: 0.3778  train_acc: 0.9148  test_acc: 0.7500
2026-05-11 12:41:20,891 [INFO] Epoch 34/100 — loss: 0.3878  train_acc: 0.9261  test_acc: 0.7273
2026-05-11 12:44:28,489 [INFO] Epoch 35/100 — loss: 0.5029  train_acc: 0.9091  test_acc: 0.6553
2026-05-11 12:47:37,259 [INFO] Epoch 36/100 — loss: 0.3262  train_acc: 0.9366  test_acc: 0.8182
2026-05-11 12:50:44,848 [INFO] Epoch 37/100 — loss: 0.3170  train_acc: 0.9309  test_acc: 0.8333
2026-05-11 12:53:52,045 [INFO] Epoch 38/100 — loss: 0.2869  train_acc: 0.9460  test_acc: 0.8485
2026-05-11 12:56:59,510 [INFO] Epoch 39/100 — loss: 0.2689  train_acc: 0.9413  test_acc: 0.8030
2026-05-11 13:00:06,794 [INFO] Epoch 40/100 — loss: 0.2298  train_acc: 0.9508  test_acc: 0.7992
2026-05-11 13:03:15,818 [INFO] Epoch 41/100 — loss: 0.3081  train_acc: 0.9489  test_acc: 0.8561
2026-05-11 13:06:27,671 [INFO] Epoch 42/100 — loss: 0.3469  train_acc: 0.9299  test_acc: 0.7462
2026-05-11 13:09:35,428 [INFO] Epoch 43/100 — loss: 0.2528  train_acc: 0.9555  test_acc: 0.8182
2026-05-11 13:12:43,262 [INFO] Epoch 44/100 — loss: 0.2038  train_acc: 0.9593  test_acc: 0.7765
2026-05-11 13:15:50,716 [INFO] Epoch 45/100 — loss: 0.2373  train_acc: 0.9555  test_acc: 0.8977
2026-05-11 13:18:58,456 [INFO] Epoch 46/100 — loss: 0.1313  train_acc: 0.9688  test_acc: 0.8333
2026-05-11 13:22:05,914 [INFO] Epoch 47/100 — loss: 0.1087  train_acc: 0.9773  test_acc: 0.7727
2026-05-11 13:25:13,962 [INFO] Epoch 48/100 — loss: 0.2753  train_acc: 0.9555  test_acc: 0.8636
2026-05-11 13:28:21,470 [INFO] Epoch 49/100 — loss: 0.2013  train_acc: 0.9659  test_acc: 0.8826
2026-05-11 13:31:29,263 [INFO] Epoch 50/100 — loss: 0.0992  train_acc: 0.9792  test_acc: 0.8977
2026-05-11 13:34:36,731 [INFO] Epoch 51/100 — loss: 0.0794  train_acc: 0.9830  test_acc: 0.9129
2026-05-11 13:37:43,796 [INFO] Epoch 52/100 — loss: 0.1364  train_acc: 0.9725  test_acc: 0.9205
2026-05-11 13:40:51,074 [INFO] Epoch 53/100 — loss: 0.1097  train_acc: 0.9735  test_acc: 0.8220
2026-05-11 13:43:58,146 [INFO] Epoch 54/100 — loss: 0.0870  train_acc: 0.9792  test_acc: 0.9167
2026-05-11 13:47:05,275 [INFO] Epoch 55/100 — loss: 0.0590  train_acc: 0.9858  test_acc: 0.9053
2026-05-11 13:50:12,363 [INFO] Epoch 56/100 — loss: 0.0417  train_acc: 0.9905  test_acc: 0.9280
2026-05-11 13:53:19,901 [INFO] Epoch 57/100 — loss: 0.0583  train_acc: 0.9782  test_acc: 0.8864
2026-05-11 13:56:27,249 [INFO] Epoch 58/100 — loss: 0.0524  train_acc: 0.9867  test_acc: 0.8523
2026-05-11 13:59:34,427 [INFO] Epoch 59/100 — loss: 0.0465  train_acc: 0.9877  test_acc: 0.9053
2026-05-11 14:02:42,405 [INFO] Epoch 60/100 — loss: 0.0845  train_acc: 0.9839  test_acc: 0.8750
2026-05-11 14:05:52,656 [INFO] Epoch 61/100 — loss: 0.0523  train_acc: 0.9867  test_acc: 0.9091
2026-05-11 14:09:01,379 [INFO] Epoch 62/100 — loss: 0.0849  train_acc: 0.9905  test_acc: 0.8598
2026-05-11 14:12:09,706 [INFO] Epoch 63/100 — loss: 0.0997  train_acc: 0.9801  test_acc: 0.9205
2026-05-11 14:15:18,094 [INFO] Epoch 64/100 — loss: 0.0129  train_acc: 0.9943  test_acc: 0.8561
2026-05-11 14:18:25,525 [INFO] Epoch 65/100 — loss: 0.0353  train_acc: 0.9905  test_acc: 0.7765
2026-05-11 14:21:33,142 [INFO] Epoch 66/100 — loss: 0.0081  train_acc: 0.9962  test_acc: 0.8258
2026-05-11 14:24:41,330 [INFO] Epoch 67/100 — loss: 0.0596  train_acc: 0.9867  test_acc: 0.9053
2026-05-11 14:27:48,819 [INFO] Epoch 68/100 — loss: 0.0230  train_acc: 0.9953  test_acc: 0.8409
2026-05-11 14:30:56,727 [INFO] Epoch 69/100 — loss: 0.0410  train_acc: 0.9924  test_acc: 0.8333
2026-05-11 14:34:06,372 [INFO] Epoch 70/100 — loss: 0.0133  train_acc: 0.9943  test_acc: 0.8939
2026-05-11 14:37:16,014 [INFO] Epoch 71/100 — loss: 0.0184  train_acc: 0.9934  test_acc: 0.9129
2026-05-11 14:40:25,264 [INFO] Epoch 72/100 — loss: 0.0095  train_acc: 0.9981  test_acc: 0.8636
2026-05-11 14:43:33,814 [INFO] Epoch 73/100 — loss: 0.0160  train_acc: 0.9924  test_acc: 0.8333
2026-05-11 14:46:41,798 [INFO] Epoch 74/100 — loss: 0.0053  train_acc: 0.9972  test_acc: 0.8712
2026-05-11 14:49:49,841 [INFO] Epoch 75/100 — loss: 0.0178  train_acc: 0.9981  test_acc: 0.8636
2026-05-11 14:52:57,272 [INFO] Epoch 76/100 — loss: 0.0325  train_acc: 0.9934  test_acc: 0.7917
2026-05-11 14:56:04,628 [INFO] Epoch 77/100 — loss: 0.0272  train_acc: 0.9962  test_acc: 0.8712
2026-05-11 14:59:13,268 [INFO] Epoch 78/100 — loss: 0.0057  train_acc: 0.9981  test_acc: 0.8826
2026-05-11 15:02:22,384 [INFO] Epoch 79/100 — loss: 0.0002  train_acc: 1.0000  test_acc: 0.8788
2026-05-11 15:05:31,227 [INFO] Epoch 80/100 — loss: 0.0231  train_acc: 0.9953  test_acc: 0.8788
2026-05-11 15:08:39,524 [INFO] Epoch 81/100 — loss: 0.0083  train_acc: 0.9991  test_acc: 0.9167
2026-05-11 15:11:48,509 [INFO] Epoch 82/100 — loss: 0.0152  train_acc: 0.9972  test_acc: 0.9053
2026-05-11 15:14:56,708 [INFO] Epoch 83/100 — loss: 0.0024  train_acc: 0.9991  test_acc: 0.8826
2026-05-11 15:18:05,764 [INFO] Epoch 84/100 — loss: 0.0111  train_acc: 0.9972  test_acc: 0.8561
2026-05-11 15:21:15,230 [INFO] Epoch 85/100 — loss: 0.0665  train_acc: 0.9934  test_acc: 0.8939
2026-05-11 15:24:23,815 [INFO] Epoch 86/100 — loss: 0.0006  train_acc: 1.0000  test_acc: 0.8182
2026-05-11 15:27:31,576 [INFO] Epoch 87/100 — loss: 0.1640  train_acc: 0.9886  test_acc: 0.8636
2026-05-11 15:30:39,056 [INFO] Epoch 88/100 — loss: 0.0197  train_acc: 0.9962  test_acc: 0.8409
2026-05-11 15:33:46,890 [INFO] Epoch 89/100 — loss: 0.0005  train_acc: 1.0000  test_acc: 0.8826
2026-05-11 15:36:54,059 [INFO] Epoch 90/100 — loss: 0.0001  train_acc: 1.0000  test_acc: 0.9129
2026-05-11 15:40:01,808 [INFO] Epoch 91/100 — loss: 0.0046  train_acc: 0.9972  test_acc: 0.9015
2026-05-11 15:43:12,031 [INFO] Epoch 92/100 — loss: 0.0003  train_acc: 1.0000  test_acc: 0.8902
2026-05-11 15:46:19,643 [INFO] Epoch 93/100 — loss: 0.0342  train_acc: 0.9924  test_acc: 0.8977
2026-05-11 15:49:27,139 [INFO] Epoch 94/100 — loss: 0.0031  train_acc: 0.9991  test_acc: 0.8977
2026-05-11 15:52:35,083 [INFO] Epoch 95/100 — loss: 0.0770  train_acc: 0.9924  test_acc: 0.8826
2026-05-11 15:55:42,478 [INFO] Epoch 96/100 — loss: 0.0539  train_acc: 0.9943  test_acc: 0.8220
2026-05-11 15:58:50,300 [INFO] Epoch 97/100 — loss: 0.0002  train_acc: 1.0000  test_acc: 0.9015
2026-05-11 16:01:58,470 [INFO] Epoch 98/100 — loss: 0.0006  train_acc: 1.0000  test_acc: 0.8902
2026-05-11 16:05:07,206 [INFO] Epoch 99/100 — loss: 0.0000  train_acc: 1.0000  test_acc: 0.9053
2026-05-11 16:08:15,069 [INFO] Epoch 100/100 — loss: 0.0011  train_acc: 0.9991  test_acc: 0.8826
2026-05-11 16:08:15,072 [INFO] Training done in 18790.5 s. Final test accuracy: 0.8826
2026-05-11 16:08:15,072 [INFO] Running NeuroBench evaluation...
  0%|          | 0/9 [00:00<?, ?it/s]  0%|          | 0/9 [00:02<?, ?it/s]
2026-05-11 16:08:17,626 [WARNING] NeuroBench evaluation failed: CUDA out of memory. Tried to allocate 128.00 MiB. GPU 0 has a total capacity of 44.43 GiB of which 128.00 MiB is free. Including non-PyTorch memory, this process has 44.30 GiB memory in use. Of the allocated memory 43.85 GiB is allocated by PyTorch, and 130.74 MiB is reserved by PyTorch but unallocated. If reserved but unallocated memory is large try setting PYTORCH_ALLOC_CONF=expandable_segments:True to avoid fragmentation.  See documentation for Memory Management  (https://pytorch.org/docs/stable/notes/cuda.html#environment-variables)
2026-05-11 16:08:19,745 [INFO] Results written to: experiments/paper_vgg9_tp_tpnet_dvsgesture/experiments/tp_tpnet_dvsgesture_opt
2026-05-11 16:08:19,775 [INFO] Summary updated (1/1): experiments/paper_vgg9_tp_tpnet_dvsgesture/summary.csv
2026-05-11 16:08:19,804 [INFO] Summary written to: experiments/paper_vgg9_tp_tpnet_dvsgesture/summary.csv
INFO:    Cleaning up image...
