INFO:    squashfuse not found, will not be able to mount SIF or other squashfs files
INFO:    gocryptfs not found, will not be able to use gocryptfs
INFO:    Converting SIF file to temporary sandbox...
2026-05-11 10:50:04,326 [INFO] Loading experiments from: config/paper/vgg9/tp_tpnet_dvscifar10.yaml
2026-05-11 10:50:04,368 [INFO] Built 1 experiment specs from custom config.
2026-05-11 10:50:04,368 [INFO] Found 1 experiment(s) to run.
2026-05-11 10:50:04,386 [INFO] Campaign output: experiments/paper_vgg9_tp_tpnet_dvscifar10
2026-05-11 10:50:04,403 [INFO] Terminal stdout log: experiments/paper_vgg9_tp_tpnet_dvscifar10/terminal_stdout.log
2026-05-11 10:50:04,403 [INFO] Terminal stderr log: experiments/paper_vgg9_tp_tpnet_dvscifar10/terminal_stderr.log
2026-05-11 10:50:04,403 [INFO] Combined terminal log: experiments/paper_vgg9_tp_tpnet_dvscifar10/terminal.log
2026-05-11 10:50:04,406 [INFO] [1/1] Running: tp_tpnet_dvscifar10_opt  (trainer=tp, model=vgg9, dataset=dvscifar10)
2026-05-11 10:50:06,193 [INFO] Starting experiment: tp_tpnet_dvscifar10_opt
2026-05-11 10:50:06,412 [INFO] Using device: cuda
2026-05-11 10:50:06,412 [INFO] Loading dataset: dvscifar10 (T=10, batch=32)
2026-05-11 10:50:06,509 [INFO] Building network: vgg9
2026-05-11 10:50:06,710 [INFO] Building trainer: tp
2026-05-11 10:50:06,952 [INFO] Training for 100 epochs...
2026-05-11 11:02:50,414 [INFO] Epoch 1/100 — loss: 2.2044  train_acc: 0.1754  test_acc: 0.2110
2026-05-11 11:15:32,035 [INFO] Epoch 2/100 — loss: 2.0838  train_acc: 0.2591  test_acc: 0.2140
2026-05-11 11:28:15,674 [INFO] Epoch 3/100 — loss: 2.0287  train_acc: 0.2864  test_acc: 0.3010
2026-05-11 11:40:57,813 [INFO] Epoch 4/100 — loss: 1.8051  train_acc: 0.3653  test_acc: 0.4280
2026-05-11 11:53:40,455 [INFO] Epoch 5/100 — loss: 1.6805  train_acc: 0.4216  test_acc: 0.4390
2026-05-11 12:06:23,827 [INFO] Epoch 6/100 — loss: 1.6830  train_acc: 0.4530  test_acc: 0.4100
2026-05-11 12:19:05,866 [INFO] Epoch 7/100 — loss: 1.6717  train_acc: 0.4715  test_acc: 0.4660
2026-05-11 12:31:56,504 [INFO] Epoch 8/100 — loss: 1.6630  train_acc: 0.4851  test_acc: 0.4310
2026-05-11 12:44:40,067 [INFO] Epoch 9/100 — loss: 1.6293  train_acc: 0.4892  test_acc: 0.3880
2026-05-11 12:57:22,303 [INFO] Epoch 10/100 — loss: 1.6417  train_acc: 0.4986  test_acc: 0.4300
2026-05-11 13:10:05,581 [INFO] Epoch 11/100 — loss: 1.6056  train_acc: 0.5182  test_acc: 0.4510
2026-05-11 13:22:47,669 [INFO] Epoch 12/100 — loss: 1.6052  train_acc: 0.5268  test_acc: 0.4700
2026-05-11 13:35:29,980 [INFO] Epoch 13/100 — loss: 1.6105  train_acc: 0.5320  test_acc: 0.4290
2026-05-11 13:48:12,136 [INFO] Epoch 14/100 — loss: 1.6322  train_acc: 0.5216  test_acc: 0.3910
2026-05-11 14:00:54,104 [INFO] Epoch 15/100 — loss: 1.6694  train_acc: 0.5241  test_acc: 0.3690
2026-05-11 14:13:37,625 [INFO] Epoch 16/100 — loss: 1.6799  train_acc: 0.5284  test_acc: 0.3610
2026-05-11 14:26:23,044 [INFO] Epoch 17/100 — loss: 1.7955  train_acc: 0.5125  test_acc: 0.3370
2026-05-11 14:39:06,844 [INFO] Epoch 18/100 — loss: 1.6830  train_acc: 0.5214  test_acc: 0.3620
2026-05-11 14:51:51,335 [INFO] Epoch 19/100 — loss: 1.7351  train_acc: 0.5221  test_acc: 0.3130
2026-05-11 15:04:34,138 [INFO] Epoch 20/100 — loss: 1.7191  train_acc: 0.5309  test_acc: 0.3080
2026-05-11 15:17:19,221 [INFO] Epoch 21/100 — loss: 1.7394  train_acc: 0.5301  test_acc: 0.2950
2026-05-11 15:30:02,539 [INFO] Epoch 22/100 — loss: 1.6050  train_acc: 0.5518  test_acc: 0.3610
2026-05-11 15:42:44,766 [INFO] Epoch 23/100 — loss: 1.5336  train_acc: 0.5622  test_acc: 0.4070
2026-05-11 15:55:27,315 [INFO] Epoch 24/100 — loss: 1.4849  train_acc: 0.5781  test_acc: 0.3980
2026-05-11 16:08:09,733 [INFO] Epoch 25/100 — loss: 1.4451  train_acc: 0.5830  test_acc: 0.3900
2026-05-11 16:20:52,137 [INFO] Epoch 26/100 — loss: 1.4461  train_acc: 0.5884  test_acc: 0.4080
2026-05-11 16:33:36,734 [INFO] Epoch 27/100 — loss: 1.4345  train_acc: 0.5943  test_acc: 0.3210
2026-05-11 16:46:20,134 [INFO] Epoch 28/100 — loss: 1.4175  train_acc: 0.5972  test_acc: 0.4090
2026-05-11 16:59:02,901 [INFO] Epoch 29/100 — loss: 1.4160  train_acc: 0.5990  test_acc: 0.2650
2026-05-11 17:11:46,027 [INFO] Epoch 30/100 — loss: 1.3882  train_acc: 0.6025  test_acc: 0.3080
2026-05-11 17:24:28,665 [INFO] Epoch 31/100 — loss: 1.3731  train_acc: 0.6051  test_acc: 0.3210
2026-05-11 17:37:11,467 [INFO] Epoch 32/100 — loss: 1.3760  train_acc: 0.6067  test_acc: 0.3420
2026-05-11 17:49:58,944 [INFO] Epoch 33/100 — loss: 1.3644  train_acc: 0.6051  test_acc: 0.3040
2026-05-11 18:02:45,310 [INFO] Epoch 34/100 — loss: 1.3656  train_acc: 0.6082  test_acc: 0.3340
2026-05-11 18:15:31,121 [INFO] Epoch 35/100 — loss: 1.3442  train_acc: 0.6151  test_acc: 0.3020
2026-05-11 18:28:14,895 [INFO] Epoch 36/100 — loss: 1.3469  train_acc: 0.6133  test_acc: 0.2840
2026-05-11 18:41:05,954 [INFO] Epoch 37/100 — loss: 1.3591  train_acc: 0.6155  test_acc: 0.2870
2026-05-11 18:53:53,009 [INFO] Epoch 38/100 — loss: 1.3232  train_acc: 0.6177  test_acc: 0.3570
2026-05-11 19:06:36,523 [INFO] Epoch 39/100 — loss: 1.3236  train_acc: 0.6210  test_acc: 0.3240
2026-05-11 19:19:22,128 [INFO] Epoch 40/100 — loss: 1.3133  train_acc: 0.6242  test_acc: 0.3170
2026-05-11 19:32:07,022 [INFO] Epoch 41/100 — loss: 1.3249  train_acc: 0.6258  test_acc: 0.3540
2026-05-11 19:44:49,886 [INFO] Epoch 42/100 — loss: 1.2722  train_acc: 0.6356  test_acc: 0.2700
2026-05-11 19:57:35,845 [INFO] Epoch 43/100 — loss: 1.2709  train_acc: 0.6369  test_acc: 0.3240
2026-05-11 20:10:19,272 [INFO] Epoch 44/100 — loss: 1.2654  train_acc: 0.6399  test_acc: 0.3540
2026-05-11 20:23:05,700 [INFO] Epoch 45/100 — loss: 1.2899  train_acc: 0.6377  test_acc: 0.3320
2026-05-11 20:35:48,695 [INFO] Epoch 46/100 — loss: 1.2834  train_acc: 0.6415  test_acc: 0.3370
2026-05-11 20:48:31,927 [INFO] Epoch 47/100 — loss: 1.2803  train_acc: 0.6405  test_acc: 0.3410
2026-05-11 21:01:17,776 [INFO] Epoch 48/100 — loss: 1.2504  train_acc: 0.6478  test_acc: 0.3370
2026-05-11 21:14:01,673 [INFO] Epoch 49/100 — loss: 1.2338  train_acc: 0.6504  test_acc: 0.2860
2026-05-11 21:26:44,612 [INFO] Epoch 50/100 — loss: 1.2351  train_acc: 0.6535  test_acc: 0.3180
2026-05-11 21:39:28,121 [INFO] Epoch 51/100 — loss: 1.2296  train_acc: 0.6545  test_acc: 0.3230
2026-05-11 21:52:18,012 [INFO] Epoch 52/100 — loss: 1.2300  train_acc: 0.6561  test_acc: 0.2980
2026-05-11 22:05:01,564 [INFO] Epoch 53/100 — loss: 1.2099  train_acc: 0.6673  test_acc: 0.3340
2026-05-11 22:17:44,607 [INFO] Epoch 54/100 — loss: 1.1745  train_acc: 0.6727  test_acc: 0.3030
2026-05-11 22:30:29,142 [INFO] Epoch 55/100 — loss: 1.1646  train_acc: 0.6757  test_acc: 0.2880
2026-05-11 22:43:15,804 [INFO] Epoch 56/100 — loss: 1.1757  train_acc: 0.6785  test_acc: 0.2930
2026-05-11 22:55:59,405 [INFO] Epoch 57/100 — loss: 1.1556  train_acc: 0.6821  test_acc: 0.2910
2026-05-11 23:08:54,660 [INFO] Epoch 58/100 — loss: 1.1777  train_acc: 0.6734  test_acc: 0.2600
2026-05-11 23:21:43,361 [INFO] Epoch 59/100 — loss: 1.1323  train_acc: 0.6849  test_acc: 0.2880
2026-05-11 23:34:28,677 [INFO] Epoch 60/100 — loss: 1.1375  train_acc: 0.6859  test_acc: 0.2830
2026-05-11 23:47:11,979 [INFO] Epoch 61/100 — loss: 1.1907  train_acc: 0.6782  test_acc: 0.2340
2026-05-11 23:59:55,112 [INFO] Epoch 62/100 — loss: 1.1554  train_acc: 0.6842  test_acc: 0.2850
2026-05-12 00:12:39,006 [INFO] Epoch 63/100 — loss: 1.1297  train_acc: 0.6963  test_acc: 0.2560
2026-05-12 00:25:23,125 [INFO] Epoch 64/100 — loss: 1.1396  train_acc: 0.6956  test_acc: 0.2560
2026-05-12 00:38:08,540 [INFO] Epoch 65/100 — loss: 1.0904  train_acc: 0.6965  test_acc: 0.2560
2026-05-12 00:50:54,228 [INFO] Epoch 66/100 — loss: 1.0771  train_acc: 0.7045  test_acc: 0.3170
2026-05-12 01:03:37,556 [INFO] Epoch 67/100 — loss: 1.0647  train_acc: 0.7086  test_acc: 0.3070
2026-05-12 01:16:22,416 [INFO] Epoch 68/100 — loss: 1.0697  train_acc: 0.7100  test_acc: 0.2800
2026-05-12 01:29:05,790 [INFO] Epoch 69/100 — loss: 1.0481  train_acc: 0.7112  test_acc: 0.3010
2026-05-12 01:41:51,143 [INFO] Epoch 70/100 — loss: 1.0590  train_acc: 0.7058  test_acc: 0.3130
2026-05-12 01:54:39,195 [INFO] Epoch 71/100 — loss: 1.0357  train_acc: 0.7195  test_acc: 0.3120
2026-05-12 02:07:26,407 [INFO] Epoch 72/100 — loss: 1.0185  train_acc: 0.7280  test_acc: 0.3640
2026-05-12 02:20:14,830 [INFO] Epoch 73/100 — loss: 1.0023  train_acc: 0.7280  test_acc: 0.3660
2026-05-12 02:32:58,138 [INFO] Epoch 74/100 — loss: 1.0297  train_acc: 0.7249  test_acc: 0.3260
2026-05-12 02:45:41,345 [INFO] Epoch 75/100 — loss: 0.9799  train_acc: 0.7309  test_acc: 0.3410
2026-05-12 02:58:24,506 [INFO] Epoch 76/100 — loss: 0.9525  train_acc: 0.7397  test_acc: 0.3300
2026-05-12 03:11:07,942 [INFO] Epoch 77/100 — loss: 0.9362  train_acc: 0.7362  test_acc: 0.3800
2026-05-12 03:23:53,123 [INFO] Epoch 78/100 — loss: 0.9636  train_acc: 0.7391  test_acc: 0.3720
2026-05-12 03:36:38,157 [INFO] Epoch 79/100 — loss: 0.9074  train_acc: 0.7534  test_acc: 0.3060
2026-05-12 03:49:25,210 [INFO] Epoch 80/100 — loss: 0.9171  train_acc: 0.7517  test_acc: 0.3030
2026-05-12 04:02:10,531 [INFO] Epoch 81/100 — loss: 0.8955  train_acc: 0.7575  test_acc: 0.3170
2026-05-12 04:14:53,619 [INFO] Epoch 82/100 — loss: 0.8793  train_acc: 0.7629  test_acc: 0.3160
2026-05-12 04:27:37,095 [INFO] Epoch 83/100 — loss: 0.8658  train_acc: 0.7685  test_acc: 0.3100
2026-05-12 04:40:21,284 [INFO] Epoch 84/100 — loss: 0.8604  train_acc: 0.7646  test_acc: 0.2790
2026-05-12 04:53:04,497 [INFO] Epoch 85/100 — loss: 1.0160  train_acc: 0.7616  test_acc: 0.3000
2026-05-12 05:05:48,321 [INFO] Epoch 86/100 — loss: 0.8539  train_acc: 0.7697  test_acc: 0.2890
2026-05-12 05:18:31,819 [INFO] Epoch 87/100 — loss: 0.8268  train_acc: 0.7780  test_acc: 0.2760
2026-05-12 05:31:18,605 [INFO] Epoch 88/100 — loss: 0.8279  train_acc: 0.7751  test_acc: 0.2670
2026-05-12 05:44:01,854 [INFO] Epoch 89/100 — loss: 0.7931  train_acc: 0.7841  test_acc: 0.2810
2026-05-12 05:56:45,904 [INFO] Epoch 90/100 — loss: 0.7781  train_acc: 0.7885  test_acc: 0.2570
2026-05-12 06:09:28,749 [INFO] Epoch 91/100 — loss: 0.7636  train_acc: 0.7900  test_acc: 0.2910
2026-05-12 06:22:12,758 [INFO] Epoch 92/100 — loss: 0.7477  train_acc: 0.7980  test_acc: 0.3450
2026-05-12 06:34:57,339 [INFO] Epoch 93/100 — loss: 0.7423  train_acc: 0.7966  test_acc: 0.3330
2026-05-12 06:47:40,472 [INFO] Epoch 94/100 — loss: 0.7148  train_acc: 0.8033  test_acc: 0.3160
2026-05-12 07:00:23,782 [INFO] Epoch 95/100 — loss: 0.7325  train_acc: 0.8049  test_acc: 0.2740
2026-05-12 07:13:06,891 [INFO] Epoch 96/100 — loss: 0.7199  train_acc: 0.8050  test_acc: 0.2000
2026-05-12 07:25:52,055 [INFO] Epoch 97/100 — loss: 0.6987  train_acc: 0.8094  test_acc: 0.2830
2026-05-12 07:38:35,181 [INFO] Epoch 98/100 — loss: 0.6950  train_acc: 0.8108  test_acc: 0.3110
